{"/home/david/Development/geocas/src/mother/Algebra.ts":{"path":"/home/david/Development/geocas/src/mother/Algebra.ts","statementMap":{"0":{"start":{"line":2,"column":0},"end":{"line":2,"column":62}},"1":{"start":{"line":3,"column":0},"end":{"line":3,"column":25}},"2":{"start":{"line":4,"column":16},"end":{"line":4,"column":44}},"3":{"start":{"line":5,"column":18},"end":{"line":5,"column":48}},"4":{"start":{"line":6,"column":17},"end":{"line":6,"column":46}},"5":{"start":{"line":7,"column":17},"end":{"line":7,"column":46}},"6":{"start":{"line":8,"column":20},"end":{"line":8,"column":52}},"7":{"start":{"line":9,"column":22},"end":{"line":9,"column":56}},"8":{"start":{"line":10,"column":22},"end":{"line":10,"column":56}},"9":{"start":{"line":11,"column":20},"end":{"line":11,"column":52}},"10":{"start":{"line":12,"column":14},"end":{"line":12,"column":32}},"11":{"start":{"line":13,"column":12},"end":{"line":13,"column":28}},"12":{"start":{"line":14,"column":12},"end":{"line":14,"column":28}},"13":{"start":{"line":15,"column":12},"end":{"line":15,"column":28}},"14":{"start":{"line":16,"column":17},"end":{"line":16,"column":38}},"15":{"start":{"line":17,"column":13},"end":{"line":17,"column":30}},"16":{"start":{"line":18,"column":13},"end":{"line":18,"column":30}},"17":{"start":{"line":19,"column":13},"end":{"line":19,"column":30}},"18":{"start":{"line":20,"column":22},"end":{"line":20,"column":48}},"19":{"start":{"line":21,"column":22},"end":{"line":21,"column":48}},"20":{"start":{"line":22,"column":22},"end":{"line":22,"column":48}},"21":{"start":{"line":23,"column":22},"end":{"line":23,"column":48}},"22":{"start":{"line":24,"column":22},"end":{"line":24,"column":48}},"23":{"start":{"line":25,"column":13},"end":{"line":25,"column":30}},"24":{"start":{"line":26,"column":13},"end":{"line":26,"column":30}},"25":{"start":{"line":27,"column":13},"end":{"line":27,"column":30}},"26":{"start":{"line":28,"column":17},"end":{"line":28,"column":38}},"27":{"start":{"line":39,"column":4},"end":{"line":44,"column":5}},"28":{"start":{"line":40,"column":8},"end":{"line":40,"column":57}},"29":{"start":{"line":43,"column":8},"end":{"line":43,"column":21}},"30":{"start":{"line":47,"column":4},"end":{"line":47,"column":52}},"31":{"start":{"line":53,"column":4},"end":{"line":67,"column":5}},"32":{"start":{"line":54,"column":8},"end":{"line":54,"column":22}},"33":{"start":{"line":56,"column":9},"end":{"line":67,"column":5}},"34":{"start":{"line":57,"column":8},"end":{"line":57,"column":29}},"35":{"start":{"line":59,"column":9},"end":{"line":67,"column":5}},"36":{"start":{"line":60,"column":8},"end":{"line":60,"column":47}},"37":{"start":{"line":62,"column":9},"end":{"line":67,"column":5}},"38":{"start":{"line":63,"column":8},"end":{"line":63,"column":46}},"39":{"start":{"line":66,"column":8},"end":{"line":66,"column":47}},"40":{"start":{"line":70,"column":16},"end":{"line":70,"column":29}},"41":{"start":{"line":71,"column":4},"end":{"line":102,"column":5}},"42":{"start":{"line":72,"column":18},"end":{"line":72,"column":20}},"43":{"start":{"line":73,"column":8},"end":{"line":73,"column":52}},"44":{"start":{"line":74,"column":8},"end":{"line":76,"column":9}},"45":{"start":{"line":74,"column":21},"end":{"line":74,"column":22}},"46":{"start":{"line":75,"column":12},"end":{"line":75,"column":36}},"47":{"start":{"line":77,"column":8},"end":{"line":77,"column":81}},"48":{"start":{"line":79,"column":9},"end":{"line":102,"column":5}},"49":{"start":{"line":80,"column":18},"end":{"line":80,"column":20}},"50":{"start":{"line":81,"column":8},"end":{"line":81,"column":52}},"51":{"start":{"line":82,"column":8},"end":{"line":84,"column":9}},"52":{"start":{"line":82,"column":21},"end":{"line":82,"column":22}},"53":{"start":{"line":83,"column":12},"end":{"line":83,"column":36}},"54":{"start":{"line":85,"column":8},"end":{"line":85,"column":81}},"55":{"start":{"line":88,"column":8},"end":{"line":101,"column":9}},"56":{"start":{"line":89,"column":22},"end":{"line":89,"column":24}},"57":{"start":{"line":90,"column":12},"end":{"line":92,"column":13}},"58":{"start":{"line":90,"column":25},"end":{"line":90,"column":26}},"59":{"start":{"line":91,"column":16},"end":{"line":91,"column":40}},"60":{"start":{"line":93,"column":12},"end":{"line":95,"column":13}},"61":{"start":{"line":93,"column":25},"end":{"line":93,"column":26}},"62":{"start":{"line":94,"column":16},"end":{"line":94,"column":40}},"63":{"start":{"line":96,"column":12},"end":{"line":96,"column":85}},"64":{"start":{"line":100,"column":12},"end":{"line":100,"column":26}},"65":{"start":{"line":105,"column":16},"end":{"line":105,"column":29}},"66":{"start":{"line":106,"column":4},"end":{"line":137,"column":5}},"67":{"start":{"line":107,"column":18},"end":{"line":107,"column":20}},"68":{"start":{"line":108,"column":8},"end":{"line":108,"column":52}},"69":{"start":{"line":109,"column":8},"end":{"line":111,"column":9}},"70":{"start":{"line":109,"column":21},"end":{"line":109,"column":22}},"71":{"start":{"line":110,"column":12},"end":{"line":110,"column":46}},"72":{"start":{"line":112,"column":8},"end":{"line":112,"column":81}},"73":{"start":{"line":114,"column":9},"end":{"line":137,"column":5}},"74":{"start":{"line":115,"column":18},"end":{"line":115,"column":20}},"75":{"start":{"line":116,"column":8},"end":{"line":116,"column":63}},"76":{"start":{"line":117,"column":8},"end":{"line":119,"column":9}},"77":{"start":{"line":117,"column":21},"end":{"line":117,"column":22}},"78":{"start":{"line":118,"column":12},"end":{"line":118,"column":36}},"79":{"start":{"line":120,"column":8},"end":{"line":120,"column":81}},"80":{"start":{"line":123,"column":8},"end":{"line":136,"column":9}},"81":{"start":{"line":124,"column":22},"end":{"line":124,"column":24}},"82":{"start":{"line":125,"column":12},"end":{"line":127,"column":13}},"83":{"start":{"line":125,"column":25},"end":{"line":125,"column":26}},"84":{"start":{"line":126,"column":16},"end":{"line":126,"column":40}},"85":{"start":{"line":128,"column":12},"end":{"line":130,"column":13}},"86":{"start":{"line":128,"column":25},"end":{"line":128,"column":26}},"87":{"start":{"line":129,"column":16},"end":{"line":129,"column":50}},"88":{"start":{"line":131,"column":12},"end":{"line":131,"column":85}},"89":{"start":{"line":135,"column":12},"end":{"line":135,"column":26}},"90":{"start":{"line":140,"column":16},"end":{"line":140,"column":29}},"91":{"start":{"line":141,"column":4},"end":{"line":176,"column":5}},"92":{"start":{"line":142,"column":8},"end":{"line":142,"column":36}},"93":{"start":{"line":144,"column":9},"end":{"line":176,"column":5}},"94":{"start":{"line":145,"column":8},"end":{"line":145,"column":36}},"95":{"start":{"line":148,"column":8},"end":{"line":175,"column":9}},"96":{"start":{"line":149,"column":22},"end":{"line":149,"column":24}},"97":{"start":{"line":150,"column":12},"end":{"line":169,"column":13}},"98":{"start":{"line":150,"column":25},"end":{"line":150,"column":26}},"99":{"start":{"line":151,"column":25},"end":{"line":151,"column":38}},"100":{"start":{"line":152,"column":16},"end":{"line":168,"column":17}},"101":{"start":{"line":152,"column":29},"end":{"line":152,"column":30}},"102":{"start":{"line":153,"column":29},"end":{"line":153,"column":42}},"103":{"start":{"line":154,"column":20},"end":{"line":167,"column":21}},"104":{"start":{"line":155,"column":32},"end":{"line":155,"column":61}},"105":{"start":{"line":156,"column":24},"end":{"line":156,"column":36}},"106":{"start":{"line":158,"column":25},"end":{"line":167,"column":21}},"107":{"start":{"line":159,"column":32},"end":{"line":159,"column":69}},"108":{"start":{"line":160,"column":24},"end":{"line":160,"column":36}},"109":{"start":{"line":163,"column":32},"end":{"line":163,"column":69}},"110":{"start":{"line":164,"column":24},"end":{"line":166,"column":25}},"111":{"start":{"line":164,"column":37},"end":{"line":164,"column":38}},"112":{"start":{"line":165,"column":28},"end":{"line":165,"column":43}},"113":{"start":{"line":170,"column":12},"end":{"line":170,"column":85}},"114":{"start":{"line":174,"column":12},"end":{"line":174,"column":26}},"115":{"start":{"line":179,"column":16},"end":{"line":179,"column":29}},"116":{"start":{"line":180,"column":4},"end":{"line":199,"column":5}},"117":{"start":{"line":181,"column":8},"end":{"line":181,"column":102}},"118":{"start":{"line":183,"column":9},"end":{"line":199,"column":5}},"119":{"start":{"line":184,"column":8},"end":{"line":184,"column":36}},"120":{"start":{"line":187,"column":8},"end":{"line":198,"column":9}},"121":{"start":{"line":188,"column":12},"end":{"line":193,"column":13}},"122":{"start":{"line":189,"column":16},"end":{"line":189,"column":63}},"123":{"start":{"line":192,"column":16},"end":{"line":192,"column":110}},"124":{"start":{"line":197,"column":12},"end":{"line":197,"column":26}},"125":{"start":{"line":205,"column":4},"end":{"line":205,"column":55}},"126":{"start":{"line":206,"column":4},"end":{"line":206,"column":59}},"127":{"start":{"line":207,"column":16},"end":{"line":207,"column":29}},"128":{"start":{"line":208,"column":12},"end":{"line":208,"column":60}},"129":{"start":{"line":209,"column":4},"end":{"line":209,"column":44}},"130":{"start":{"line":215,"column":4},"end":{"line":215,"column":59}},"131":{"start":{"line":216,"column":16},"end":{"line":216,"column":29}},"132":{"start":{"line":217,"column":4},"end":{"line":217,"column":112}},"133":{"start":{"line":217,"column":82},"end":{"line":217,"column":108}},"134":{"start":{"line":218,"column":12},"end":{"line":218,"column":48}},"135":{"start":{"line":219,"column":4},"end":{"line":219,"column":44}},"136":{"start":{"line":222,"column":4},"end":{"line":224,"column":5}},"137":{"start":{"line":223,"column":8},"end":{"line":223,"column":53}},"138":{"start":{"line":225,"column":4},"end":{"line":227,"column":5}},"139":{"start":{"line":226,"column":8},"end":{"line":226,"column":51}},"140":{"start":{"line":229,"column":16},"end":{"line":229,"column":29}},"141":{"start":{"line":230,"column":23},"end":{"line":239,"column":5}},"142":{"start":{"line":231,"column":18},"end":{"line":231,"column":20}},"143":{"start":{"line":232,"column":8},"end":{"line":237,"column":9}},"144":{"start":{"line":232,"column":21},"end":{"line":232,"column":22}},"145":{"start":{"line":233,"column":20},"end":{"line":233,"column":29}},"146":{"start":{"line":234,"column":12},"end":{"line":236,"column":13}},"147":{"start":{"line":235,"column":16},"end":{"line":235,"column":28}},"148":{"start":{"line":238,"column":8},"end":{"line":238,"column":48}},"149":{"start":{"line":240,"column":15},"end":{"line":549,"column":5}},"150":{"start":{"line":242,"column":12},"end":{"line":242,"column":26}},"151":{"start":{"line":245,"column":12},"end":{"line":245,"column":47}},"152":{"start":{"line":248,"column":12},"end":{"line":248,"column":59}},"153":{"start":{"line":251,"column":12},"end":{"line":251,"column":59}},"154":{"start":{"line":254,"column":12},"end":{"line":254,"column":59}},"155":{"start":{"line":257,"column":12},"end":{"line":257,"column":59}},"156":{"start":{"line":260,"column":12},"end":{"line":260,"column":59}},"157":{"start":{"line":263,"column":12},"end":{"line":263,"column":59}},"158":{"start":{"line":266,"column":12},"end":{"line":266,"column":72}},"159":{"start":{"line":269,"column":12},"end":{"line":269,"column":72}},"160":{"start":{"line":272,"column":12},"end":{"line":272,"column":72}},"161":{"start":{"line":275,"column":12},"end":{"line":275,"column":72}},"162":{"start":{"line":278,"column":12},"end":{"line":278,"column":72}},"163":{"start":{"line":281,"column":12},"end":{"line":281,"column":73}},"164":{"start":{"line":285,"column":26},"end":{"line":285,"column":36}},"165":{"start":{"line":286,"column":24},"end":{"line":286,"column":41}},"166":{"start":{"line":288,"column":12},"end":{"line":293,"column":13}},"167":{"start":{"line":289,"column":16},"end":{"line":289,"column":69}},"168":{"start":{"line":292,"column":16},"end":{"line":292,"column":93}},"169":{"start":{"line":296,"column":12},"end":{"line":296,"column":39}},"170":{"start":{"line":299,"column":12},"end":{"line":299,"column":59}},"171":{"start":{"line":302,"column":22},"end":{"line":302,"column":24}},"172":{"start":{"line":303,"column":12},"end":{"line":309,"column":13}},"173":{"start":{"line":303,"column":25},"end":{"line":303,"column":26}},"174":{"start":{"line":304,"column":24},"end":{"line":304,"column":33}},"175":{"start":{"line":305,"column":28},"end":{"line":305,"column":50}},"176":{"start":{"line":306,"column":16},"end":{"line":308,"column":17}},"177":{"start":{"line":307,"column":20},"end":{"line":307,"column":73}},"178":{"start":{"line":310,"column":12},"end":{"line":310,"column":52}},"179":{"start":{"line":313,"column":12},"end":{"line":313,"column":59}},"180":{"start":{"line":316,"column":12},"end":{"line":316,"column":59}},"181":{"start":{"line":319,"column":12},"end":{"line":319,"column":43}},"182":{"start":{"line":322,"column":22},"end":{"line":322,"column":24}},"183":{"start":{"line":323,"column":12},"end":{"line":342,"column":13}},"184":{"start":{"line":323,"column":25},"end":{"line":323,"column":26}},"185":{"start":{"line":324,"column":25},"end":{"line":324,"column":34}},"186":{"start":{"line":325,"column":16},"end":{"line":341,"column":17}},"187":{"start":{"line":325,"column":29},"end":{"line":325,"column":30}},"188":{"start":{"line":326,"column":29},"end":{"line":326,"column":42}},"189":{"start":{"line":327,"column":20},"end":{"line":340,"column":21}},"190":{"start":{"line":328,"column":32},"end":{"line":328,"column":63}},"191":{"start":{"line":329,"column":24},"end":{"line":329,"column":36}},"192":{"start":{"line":331,"column":25},"end":{"line":340,"column":21}},"193":{"start":{"line":332,"column":32},"end":{"line":332,"column":71}},"194":{"start":{"line":333,"column":24},"end":{"line":333,"column":36}},"195":{"start":{"line":336,"column":32},"end":{"line":336,"column":71}},"196":{"start":{"line":337,"column":24},"end":{"line":339,"column":25}},"197":{"start":{"line":337,"column":37},"end":{"line":337,"column":38}},"198":{"start":{"line":338,"column":28},"end":{"line":338,"column":43}},"199":{"start":{"line":343,"column":12},"end":{"line":343,"column":85}},"200":{"start":{"line":346,"column":22},"end":{"line":346,"column":24}},"201":{"start":{"line":347,"column":12},"end":{"line":366,"column":13}},"202":{"start":{"line":347,"column":25},"end":{"line":347,"column":26}},"203":{"start":{"line":348,"column":25},"end":{"line":348,"column":34}},"204":{"start":{"line":349,"column":16},"end":{"line":365,"column":17}},"205":{"start":{"line":349,"column":29},"end":{"line":349,"column":30}},"206":{"start":{"line":350,"column":29},"end":{"line":350,"column":42}},"207":{"start":{"line":351,"column":20},"end":{"line":364,"column":21}},"208":{"start":{"line":352,"column":32},"end":{"line":352,"column":63}},"209":{"start":{"line":353,"column":24},"end":{"line":353,"column":36}},"210":{"start":{"line":355,"column":25},"end":{"line":364,"column":21}},"211":{"start":{"line":356,"column":32},"end":{"line":356,"column":71}},"212":{"start":{"line":357,"column":24},"end":{"line":357,"column":36}},"213":{"start":{"line":360,"column":32},"end":{"line":360,"column":71}},"214":{"start":{"line":361,"column":24},"end":{"line":363,"column":25}},"215":{"start":{"line":361,"column":37},"end":{"line":361,"column":38}},"216":{"start":{"line":362,"column":28},"end":{"line":362,"column":43}},"217":{"start":{"line":367,"column":12},"end":{"line":367,"column":85}},"218":{"start":{"line":371,"column":12},"end":{"line":371,"column":53}},"219":{"start":{"line":374,"column":22},"end":{"line":374,"column":24}},"220":{"start":{"line":375,"column":12},"end":{"line":382,"column":13}},"221":{"start":{"line":375,"column":25},"end":{"line":375,"column":26}},"222":{"start":{"line":376,"column":25},"end":{"line":376,"column":34}},"223":{"start":{"line":377,"column":16},"end":{"line":381,"column":17}},"224":{"start":{"line":377,"column":29},"end":{"line":377,"column":30}},"225":{"start":{"line":378,"column":29},"end":{"line":378,"column":42}},"226":{"start":{"line":379,"column":28},"end":{"line":379,"column":44}},"227":{"start":{"line":380,"column":20},"end":{"line":380,"column":32}},"228":{"start":{"line":383,"column":12},"end":{"line":383,"column":85}},"229":{"start":{"line":386,"column":12},"end":{"line":386,"column":30}},"230":{"start":{"line":389,"column":12},"end":{"line":389,"column":24}},"231":{"start":{"line":392,"column":22},"end":{"line":392,"column":24}},"232":{"start":{"line":393,"column":12},"end":{"line":396,"column":13}},"233":{"start":{"line":393,"column":25},"end":{"line":393,"column":26}},"234":{"start":{"line":394,"column":24},"end":{"line":394,"column":33}},"235":{"start":{"line":395,"column":16},"end":{"line":395,"column":38}},"236":{"start":{"line":397,"column":12},"end":{"line":397,"column":52}},"237":{"start":{"line":400,"column":22},"end":{"line":400,"column":24}},"238":{"start":{"line":401,"column":12},"end":{"line":404,"column":13}},"239":{"start":{"line":401,"column":25},"end":{"line":401,"column":26}},"240":{"start":{"line":402,"column":24},"end":{"line":402,"column":33}},"241":{"start":{"line":403,"column":16},"end":{"line":403,"column":38}},"242":{"start":{"line":405,"column":12},"end":{"line":405,"column":52}},"243":{"start":{"line":408,"column":12},"end":{"line":408,"column":30}},"244":{"start":{"line":411,"column":22},"end":{"line":411,"column":24}},"245":{"start":{"line":412,"column":12},"end":{"line":415,"column":13}},"246":{"start":{"line":412,"column":25},"end":{"line":412,"column":26}},"247":{"start":{"line":413,"column":24},"end":{"line":413,"column":33}},"248":{"start":{"line":414,"column":16},"end":{"line":414,"column":48}},"249":{"start":{"line":416,"column":12},"end":{"line":416,"column":52}},"250":{"start":{"line":419,"column":12},"end":{"line":419,"column":58}},"251":{"start":{"line":419,"column":39},"end":{"line":419,"column":56}},"252":{"start":{"line":420,"column":22},"end":{"line":420,"column":60}},"253":{"start":{"line":421,"column":22},"end":{"line":421,"column":32}},"254":{"start":{"line":423,"column":12},"end":{"line":426,"column":13}},"255":{"start":{"line":423,"column":25},"end":{"line":423,"column":26}},"256":{"start":{"line":424,"column":24},"end":{"line":424,"column":33}},"257":{"start":{"line":425,"column":16},"end":{"line":425,"column":58}},"258":{"start":{"line":427,"column":25},"end":{"line":427,"column":44}},"259":{"start":{"line":428,"column":22},"end":{"line":428,"column":24}},"260":{"start":{"line":429,"column":12},"end":{"line":434,"column":13}},"261":{"start":{"line":429,"column":25},"end":{"line":429,"column":26}},"262":{"start":{"line":430,"column":24},"end":{"line":430,"column":33}},"263":{"start":{"line":431,"column":16},"end":{"line":433,"column":17}},"264":{"start":{"line":432,"column":20},"end":{"line":432,"column":32}},"265":{"start":{"line":435,"column":12},"end":{"line":435,"column":52}},"266":{"start":{"line":438,"column":30},"end":{"line":438,"column":69}},"267":{"start":{"line":439,"column":23},"end":{"line":439,"column":46}},"268":{"start":{"line":440,"column":12},"end":{"line":445,"column":13}},"269":{"start":{"line":441,"column":16},"end":{"line":441,"column":46}},"270":{"start":{"line":444,"column":16},"end":{"line":444,"column":28}},"271":{"start":{"line":449,"column":20},"end":{"line":449,"column":35}},"272":{"start":{"line":450,"column":23},"end":{"line":450,"column":30}},"273":{"start":{"line":451,"column":20},"end":{"line":451,"column":67}},"274":{"start":{"line":452,"column":20},"end":{"line":452,"column":36}},"275":{"start":{"line":453,"column":23},"end":{"line":453,"column":96}},"276":{"start":{"line":454,"column":23},"end":{"line":454,"column":96}},"277":{"start":{"line":455,"column":12},"end":{"line":455,"column":49}},"278":{"start":{"line":459,"column":12},"end":{"line":459,"column":39}},"279":{"start":{"line":462,"column":22},"end":{"line":462,"column":24}},"280":{"start":{"line":463,"column":12},"end":{"line":469,"column":13}},"281":{"start":{"line":463,"column":25},"end":{"line":463,"column":26}},"282":{"start":{"line":464,"column":24},"end":{"line":464,"column":33}},"283":{"start":{"line":465,"column":28},"end":{"line":465,"column":50}},"284":{"start":{"line":466,"column":16},"end":{"line":468,"column":17}},"285":{"start":{"line":467,"column":20},"end":{"line":467,"column":73}},"286":{"start":{"line":470,"column":12},"end":{"line":470,"column":52}},"287":{"start":{"line":473,"column":20},"end":{"line":473,"column":31}},"288":{"start":{"line":474,"column":20},"end":{"line":474,"column":101}},"289":{"start":{"line":475,"column":12},"end":{"line":475,"column":38}},"290":{"start":{"line":478,"column":22},"end":{"line":478,"column":24}},"291":{"start":{"line":479,"column":12},"end":{"line":482,"column":13}},"292":{"start":{"line":479,"column":25},"end":{"line":479,"column":26}},"293":{"start":{"line":480,"column":24},"end":{"line":480,"column":33}},"294":{"start":{"line":481,"column":16},"end":{"line":481,"column":45}},"295":{"start":{"line":483,"column":12},"end":{"line":483,"column":52}},"296":{"start":{"line":486,"column":22},"end":{"line":486,"column":24}},"297":{"start":{"line":487,"column":12},"end":{"line":490,"column":13}},"298":{"start":{"line":487,"column":25},"end":{"line":487,"column":26}},"299":{"start":{"line":488,"column":24},"end":{"line":488,"column":33}},"300":{"start":{"line":489,"column":16},"end":{"line":489,"column":38}},"301":{"start":{"line":491,"column":12},"end":{"line":491,"column":52}},"302":{"start":{"line":494,"column":12},"end":{"line":499,"column":13}},"303":{"start":{"line":494,"column":25},"end":{"line":494,"column":26}},"304":{"start":{"line":495,"column":24},"end":{"line":495,"column":33}},"305":{"start":{"line":496,"column":16},"end":{"line":498,"column":17}},"306":{"start":{"line":497,"column":20},"end":{"line":497,"column":36}},"307":{"start":{"line":500,"column":12},"end":{"line":500,"column":30}},"308":{"start":{"line":503,"column":12},"end":{"line":503,"column":38}},"309":{"start":{"line":506,"column":22},"end":{"line":506,"column":24}},"310":{"start":{"line":507,"column":12},"end":{"line":515,"column":13}},"311":{"start":{"line":507,"column":25},"end":{"line":507,"column":26}},"312":{"start":{"line":508,"column":24},"end":{"line":508,"column":33}},"313":{"start":{"line":509,"column":16},"end":{"line":514,"column":17}},"314":{"start":{"line":510,"column":20},"end":{"line":510,"column":88}},"315":{"start":{"line":513,"column":20},"end":{"line":513,"column":92}},"316":{"start":{"line":516,"column":12},"end":{"line":516,"column":52}},"317":{"start":{"line":519,"column":12},"end":{"line":519,"column":58}},"318":{"start":{"line":520,"column":12},"end":{"line":544,"column":13}},"319":{"start":{"line":521,"column":16},"end":{"line":521,"column":27}},"320":{"start":{"line":524,"column":29},"end":{"line":524,"column":31}},"321":{"start":{"line":525,"column":16},"end":{"line":542,"column":17}},"322":{"start":{"line":525,"column":29},"end":{"line":525,"column":30}},"323":{"start":{"line":526,"column":28},"end":{"line":526,"column":37}},"324":{"start":{"line":527,"column":28},"end":{"line":527,"column":45}},"325":{"start":{"line":528,"column":20},"end":{"line":541,"column":21}},"326":{"start":{"line":529,"column":24},"end":{"line":529,"column":36}},"327":{"start":{"line":533,"column":24},"end":{"line":540,"column":25}},"328":{"start":{"line":534,"column":28},"end":{"line":534,"column":44}},"329":{"start":{"line":535,"column":28},"end":{"line":535,"column":53}},"330":{"start":{"line":538,"column":28},"end":{"line":538,"column":44}},"331":{"start":{"line":539,"column":28},"end":{"line":539,"column":40}},"332":{"start":{"line":543,"column":16},"end":{"line":543,"column":30}},"333":{"start":{"line":547,"column":12},"end":{"line":547,"column":41}},"334":{"start":{"line":550,"column":4},"end":{"line":550,"column":16}},"335":{"start":{"line":556,"column":4},"end":{"line":571,"column":5}},"336":{"start":{"line":557,"column":8},"end":{"line":570,"column":9}},"337":{"start":{"line":558,"column":12},"end":{"line":560,"column":13}},"338":{"start":{"line":559,"column":16},"end":{"line":559,"column":111}},"339":{"start":{"line":561,"column":12},"end":{"line":566,"column":13}},"340":{"start":{"line":561,"column":25},"end":{"line":561,"column":26}},"341":{"start":{"line":562,"column":28},"end":{"line":562,"column":37}},"342":{"start":{"line":563,"column":16},"end":{"line":565,"column":17}},"343":{"start":{"line":564,"column":20},"end":{"line":564,"column":91}},"344":{"start":{"line":569,"column":12},"end":{"line":569,"column":68}},"345":{"start":{"line":574,"column":4},"end":{"line":574,"column":57}},"346":{"start":{"line":575,"column":12},"end":{"line":575,"column":23}},"347":{"start":{"line":576,"column":4},"end":{"line":576,"column":55}},"348":{"start":{"line":577,"column":4},"end":{"line":577,"column":42}},"349":{"start":{"line":578,"column":18},"end":{"line":578,"column":20}},"350":{"start":{"line":582,"column":23},"end":{"line":582,"column":25}},"351":{"start":{"line":583,"column":15},"end":{"line":609,"column":5}},"352":{"start":{"line":585,"column":12},"end":{"line":585,"column":30}},"353":{"start":{"line":588,"column":12},"end":{"line":588,"column":25}},"354":{"start":{"line":591,"column":12},"end":{"line":591,"column":30}},"355":{"start":{"line":594,"column":12},"end":{"line":594,"column":30}},"356":{"start":{"line":597,"column":12},"end":{"line":597,"column":63}},"357":{"start":{"line":598,"column":12},"end":{"line":603,"column":13}},"358":{"start":{"line":599,"column":16},"end":{"line":599,"column":43}},"359":{"start":{"line":602,"column":16},"end":{"line":602,"column":85}},"360":{"start":{"line":607,"column":12},"end":{"line":607,"column":64}},"361":{"start":{"line":607,"column":51},"end":{"line":607,"column":60}},"362":{"start":{"line":610,"column":4},"end":{"line":610,"column":61}},"363":{"start":{"line":611,"column":4},"end":{"line":611,"column":60}},"364":{"start":{"line":612,"column":4},"end":{"line":612,"column":58}},"365":{"start":{"line":613,"column":4},"end":{"line":615,"column":5}},"366":{"start":{"line":613,"column":17},"end":{"line":613,"column":18}},"367":{"start":{"line":614,"column":8},"end":{"line":614,"column":66}},"368":{"start":{"line":616,"column":4},"end":{"line":616,"column":16}},"369":{"start":{"line":618,"column":0},"end":{"line":618,"column":26}}},"fnMap":{"0":{"name":"isMultivector","decl":{"start":{"line":38,"column":9},"end":{"line":38,"column":22}},"loc":{"start":{"line":38,"column":28},"end":{"line":45,"column":1}},"line":38},"1":{"name":"isMetric","decl":{"start":{"line":46,"column":9},"end":{"line":46,"column":17}},"loc":{"start":{"line":46,"column":23},"end":{"line":48,"column":1}},"line":46},"2":{"name":"dim","decl":{"start":{"line":52,"column":9},"end":{"line":52,"column":12}},"loc":{"start":{"line":52,"column":21},"end":{"line":68,"column":1}},"line":52},"3":{"name":"add","decl":{"start":{"line":69,"column":9},"end":{"line":69,"column":12}},"loc":{"start":{"line":69,"column":48},"end":{"line":103,"column":1}},"line":69},"4":{"name":"sub","decl":{"start":{"line":104,"column":9},"end":{"line":104,"column":12}},"loc":{"start":{"line":104,"column":48},"end":{"line":138,"column":1}},"line":104},"5":{"name":"mul","decl":{"start":{"line":139,"column":9},"end":{"line":139,"column":12}},"loc":{"start":{"line":139,"column":48},"end":{"line":177,"column":1}},"line":139},"6":{"name":"div","decl":{"start":{"line":178,"column":9},"end":{"line":178,"column":12}},"loc":{"start":{"line":178,"column":32},"end":{"line":200,"column":1}},"line":178},"7":{"name":"getBasisVector","decl":{"start":{"line":204,"column":9},"end":{"line":204,"column":23}},"loc":{"start":{"line":204,"column":56},"end":{"line":210,"column":1}},"line":204},"8":{"name":"getScalar","decl":{"start":{"line":214,"column":9},"end":{"line":214,"column":18}},"loc":{"start":{"line":214,"column":52},"end":{"line":220,"column":1}},"line":214},"9":{"name":"(anonymous_9)","decl":{"start":{"line":217,"column":68},"end":{"line":217,"column":69}},"loc":{"start":{"line":217,"column":80},"end":{"line":217,"column":110}},"line":217},"10":{"name":"mv","decl":{"start":{"line":221,"column":9},"end":{"line":221,"column":11}},"loc":{"start":{"line":221,"column":45},"end":{"line":551,"column":1}},"line":221},"11":{"name":"(anonymous_11)","decl":{"start":{"line":230,"column":23},"end":{"line":230,"column":24}},"loc":{"start":{"line":230,"column":40},"end":{"line":239,"column":5}},"line":230},"12":{"name":"(anonymous_12)","decl":{"start":{"line":241,"column":8},"end":{"line":241,"column":9}},"loc":{"start":{"line":241,"column":21},"end":{"line":243,"column":9}},"line":241},"13":{"name":"(anonymous_13)","decl":{"start":{"line":244,"column":17},"end":{"line":244,"column":18}},"loc":{"start":{"line":244,"column":29},"end":{"line":246,"column":9}},"line":244},"14":{"name":"(anonymous_14)","decl":{"start":{"line":247,"column":13},"end":{"line":247,"column":14}},"loc":{"start":{"line":247,"column":28},"end":{"line":249,"column":9}},"line":247},"15":{"name":"(anonymous_15)","decl":{"start":{"line":250,"column":17},"end":{"line":250,"column":18}},"loc":{"start":{"line":250,"column":32},"end":{"line":252,"column":9}},"line":250},"16":{"name":"(anonymous_16)","decl":{"start":{"line":253,"column":18},"end":{"line":253,"column":19}},"loc":{"start":{"line":253,"column":33},"end":{"line":255,"column":9}},"line":253},"17":{"name":"(anonymous_17)","decl":{"start":{"line":256,"column":13},"end":{"line":256,"column":14}},"loc":{"start":{"line":256,"column":28},"end":{"line":258,"column":9}},"line":256},"18":{"name":"(anonymous_18)","decl":{"start":{"line":259,"column":17},"end":{"line":259,"column":18}},"loc":{"start":{"line":259,"column":32},"end":{"line":261,"column":9}},"line":259},"19":{"name":"(anonymous_19)","decl":{"start":{"line":262,"column":18},"end":{"line":262,"column":19}},"loc":{"start":{"line":262,"column":33},"end":{"line":264,"column":9}},"line":262},"20":{"name":"(anonymous_20)","decl":{"start":{"line":265,"column":16},"end":{"line":265,"column":17}},"loc":{"start":{"line":265,"column":31},"end":{"line":267,"column":9}},"line":265},"21":{"name":"(anonymous_21)","decl":{"start":{"line":268,"column":16},"end":{"line":268,"column":17}},"loc":{"start":{"line":268,"column":31},"end":{"line":270,"column":9}},"line":268},"22":{"name":"(anonymous_22)","decl":{"start":{"line":271,"column":16},"end":{"line":271,"column":17}},"loc":{"start":{"line":271,"column":31},"end":{"line":273,"column":9}},"line":271},"23":{"name":"(anonymous_23)","decl":{"start":{"line":274,"column":16},"end":{"line":274,"column":17}},"loc":{"start":{"line":274,"column":31},"end":{"line":276,"column":9}},"line":274},"24":{"name":"(anonymous_24)","decl":{"start":{"line":277,"column":16},"end":{"line":277,"column":17}},"loc":{"start":{"line":277,"column":31},"end":{"line":279,"column":9}},"line":277},"25":{"name":"(anonymous_25)","decl":{"start":{"line":280,"column":16},"end":{"line":280,"column":17}},"loc":{"start":{"line":280,"column":31},"end":{"line":282,"column":9}},"line":280},"26":{"name":"(anonymous_26)","decl":{"start":{"line":283,"column":13},"end":{"line":283,"column":14}},"loc":{"start":{"line":283,"column":25},"end":{"line":294,"column":9}},"line":283},"27":{"name":"(anonymous_27)","decl":{"start":{"line":295,"column":16},"end":{"line":295,"column":17}},"loc":{"start":{"line":295,"column":28},"end":{"line":297,"column":9}},"line":295},"28":{"name":"(anonymous_28)","decl":{"start":{"line":298,"column":13},"end":{"line":298,"column":14}},"loc":{"start":{"line":298,"column":28},"end":{"line":300,"column":9}},"line":298},"29":{"name":"(anonymous_29)","decl":{"start":{"line":301,"column":21},"end":{"line":301,"column":22}},"loc":{"start":{"line":301,"column":34},"end":{"line":311,"column":9}},"line":301},"30":{"name":"(anonymous_30)","decl":{"start":{"line":312,"column":17},"end":{"line":312,"column":18}},"loc":{"start":{"line":312,"column":32},"end":{"line":314,"column":9}},"line":312},"31":{"name":"(anonymous_31)","decl":{"start":{"line":315,"column":18},"end":{"line":315,"column":19}},"loc":{"start":{"line":315,"column":33},"end":{"line":317,"column":9}},"line":315},"32":{"name":"(anonymous_32)","decl":{"start":{"line":318,"column":17},"end":{"line":318,"column":18}},"loc":{"start":{"line":318,"column":32},"end":{"line":320,"column":9}},"line":318},"33":{"name":"(anonymous_33)","decl":{"start":{"line":321,"column":20},"end":{"line":321,"column":21}},"loc":{"start":{"line":321,"column":35},"end":{"line":344,"column":9}},"line":321},"34":{"name":"(anonymous_34)","decl":{"start":{"line":345,"column":20},"end":{"line":345,"column":21}},"loc":{"start":{"line":345,"column":35},"end":{"line":368,"column":9}},"line":345},"35":{"name":"(anonymous_35)","decl":{"start":{"line":369,"column":18},"end":{"line":369,"column":19}},"loc":{"start":{"line":369,"column":33},"end":{"line":372,"column":9}},"line":369},"36":{"name":"(anonymous_36)","decl":{"start":{"line":373,"column":19},"end":{"line":373,"column":20}},"loc":{"start":{"line":373,"column":34},"end":{"line":384,"column":9}},"line":373},"37":{"name":"(anonymous_37)","decl":{"start":{"line":385,"column":18},"end":{"line":385,"column":19}},"loc":{"start":{"line":385,"column":30},"end":{"line":387,"column":9}},"line":385},"38":{"name":"(anonymous_38)","decl":{"start":{"line":388,"column":17},"end":{"line":388,"column":18}},"loc":{"start":{"line":388,"column":29},"end":{"line":390,"column":9}},"line":388},"39":{"name":"(anonymous_39)","decl":{"start":{"line":391,"column":13},"end":{"line":391,"column":14}},"loc":{"start":{"line":391,"column":25},"end":{"line":398,"column":9}},"line":391},"40":{"name":"(anonymous_40)","decl":{"start":{"line":399,"column":17},"end":{"line":399,"column":18}},"loc":{"start":{"line":399,"column":29},"end":{"line":406,"column":9}},"line":399},"41":{"name":"(anonymous_41)","decl":{"start":{"line":407,"column":19},"end":{"line":407,"column":20}},"loc":{"start":{"line":407,"column":31},"end":{"line":409,"column":9}},"line":407},"42":{"name":"(anonymous_42)","decl":{"start":{"line":410,"column":27},"end":{"line":410,"column":28}},"loc":{"start":{"line":410,"column":39},"end":{"line":417,"column":9}},"line":410},"43":{"name":"(anonymous_43)","decl":{"start":{"line":418,"column":18},"end":{"line":418,"column":19}},"loc":{"start":{"line":418,"column":38},"end":{"line":436,"column":9}},"line":418},"44":{"name":"(anonymous_44)","decl":{"start":{"line":437,"column":19},"end":{"line":437,"column":20}},"loc":{"start":{"line":437,"column":31},"end":{"line":446,"column":9}},"line":437},"45":{"name":"(anonymous_45)","decl":{"start":{"line":447,"column":13},"end":{"line":447,"column":14}},"loc":{"start":{"line":447,"column":25},"end":{"line":456,"column":9}},"line":447},"46":{"name":"(anonymous_46)","decl":{"start":{"line":458,"column":13},"end":{"line":458,"column":14}},"loc":{"start":{"line":458,"column":28},"end":{"line":460,"column":9}},"line":458},"47":{"name":"(anonymous_47)","decl":{"start":{"line":461,"column":21},"end":{"line":461,"column":22}},"loc":{"start":{"line":461,"column":34},"end":{"line":471,"column":9}},"line":461},"48":{"name":"(anonymous_48)","decl":{"start":{"line":472,"column":14},"end":{"line":472,"column":15}},"loc":{"start":{"line":472,"column":26},"end":{"line":476,"column":9}},"line":472},"49":{"name":"(anonymous_49)","decl":{"start":{"line":477,"column":24},"end":{"line":477,"column":25}},"loc":{"start":{"line":477,"column":36},"end":{"line":484,"column":9}},"line":477},"50":{"name":"(anonymous_50)","decl":{"start":{"line":485,"column":13},"end":{"line":485,"column":14}},"loc":{"start":{"line":485,"column":25},"end":{"line":492,"column":9}},"line":485},"51":{"name":"(anonymous_51)","decl":{"start":{"line":493,"column":26},"end":{"line":493,"column":27}},"loc":{"start":{"line":493,"column":38},"end":{"line":501,"column":9}},"line":493},"52":{"name":"(anonymous_52)","decl":{"start":{"line":502,"column":13},"end":{"line":502,"column":14}},"loc":{"start":{"line":502,"column":28},"end":{"line":504,"column":9}},"line":502},"53":{"name":"(anonymous_53)","decl":{"start":{"line":505,"column":14},"end":{"line":505,"column":15}},"loc":{"start":{"line":505,"column":26},"end":{"line":517,"column":9}},"line":505},"54":{"name":"(anonymous_54)","decl":{"start":{"line":518,"column":18},"end":{"line":518,"column":19}},"loc":{"start":{"line":518,"column":35},"end":{"line":545,"column":9}},"line":518},"55":{"name":"(anonymous_55)","decl":{"start":{"line":546,"column":18},"end":{"line":546,"column":19}},"loc":{"start":{"line":546,"column":30},"end":{"line":548,"column":9}},"line":546},"56":{"name":"checkBasisLabels","decl":{"start":{"line":555,"column":9},"end":{"line":555,"column":25}},"loc":{"start":{"line":555,"column":43},"end":{"line":572,"column":1}},"line":555},"57":{"name":"algebra","decl":{"start":{"line":573,"column":9},"end":{"line":573,"column":16}},"loc":{"start":{"line":573,"column":40},"end":{"line":617,"column":1}},"line":573},"58":{"name":"(anonymous_58)","decl":{"start":{"line":584,"column":8},"end":{"line":584,"column":9}},"loc":{"start":{"line":584,"column":16},"end":{"line":586,"column":9}},"line":584},"59":{"name":"(anonymous_59)","decl":{"start":{"line":587,"column":8},"end":{"line":587,"column":9}},"loc":{"start":{"line":587,"column":20},"end":{"line":589,"column":9}},"line":587},"60":{"name":"(anonymous_60)","decl":{"start":{"line":590,"column":8},"end":{"line":590,"column":9}},"loc":{"start":{"line":590,"column":18},"end":{"line":592,"column":9}},"line":590},"61":{"name":"(anonymous_61)","decl":{"start":{"line":593,"column":8},"end":{"line":593,"column":9}},"loc":{"start":{"line":593,"column":19},"end":{"line":595,"column":9}},"line":593},"62":{"name":"(anonymous_62)","decl":{"start":{"line":596,"column":14},"end":{"line":596,"column":15}},"loc":{"start":{"line":596,"column":31},"end":{"line":604,"column":9}},"line":596},"63":{"name":"(anonymous_63)","decl":{"start":{"line":605,"column":8},"end":{"line":605,"column":9}},"loc":{"start":{"line":605,"column":20},"end":{"line":608,"column":9}},"line":605},"64":{"name":"(anonymous_64)","decl":{"start":{"line":607,"column":36},"end":{"line":607,"column":37}},"loc":{"start":{"line":607,"column":49},"end":{"line":607,"column":62}},"line":607}},"branchMap":{"0":{"loc":{"start":{"line":39,"column":4},"end":{"line":44,"column":5}},"type":"if","locations":[{"start":{"line":39,"column":4},"end":{"line":44,"column":5}},{"start":{"line":39,"column":4},"end":{"line":44,"column":5}}],"line":39},"1":{"loc":{"start":{"line":53,"column":4},"end":{"line":67,"column":5}},"type":"if","locations":[{"start":{"line":53,"column":4},"end":{"line":67,"column":5}},{"start":{"line":53,"column":4},"end":{"line":67,"column":5}}],"line":53},"2":{"loc":{"start":{"line":56,"column":9},"end":{"line":67,"column":5}},"type":"if","locations":[{"start":{"line":56,"column":9},"end":{"line":67,"column":5}},{"start":{"line":56,"column":9},"end":{"line":67,"column":5}}],"line":56},"3":{"loc":{"start":{"line":59,"column":9},"end":{"line":67,"column":5}},"type":"if","locations":[{"start":{"line":59,"column":9},"end":{"line":67,"column":5}},{"start":{"line":59,"column":9},"end":{"line":67,"column":5}}],"line":59},"4":{"loc":{"start":{"line":62,"column":9},"end":{"line":67,"column":5}},"type":"if","locations":[{"start":{"line":62,"column":9},"end":{"line":67,"column":5}},{"start":{"line":62,"column":9},"end":{"line":67,"column":5}}],"line":62},"5":{"loc":{"start":{"line":71,"column":4},"end":{"line":102,"column":5}},"type":"if","locations":[{"start":{"line":71,"column":4},"end":{"line":102,"column":5}},{"start":{"line":71,"column":4},"end":{"line":102,"column":5}}],"line":71},"6":{"loc":{"start":{"line":71,"column":8},"end":{"line":71,"column":48}},"type":"binary-expr","locations":[{"start":{"line":71,"column":8},"end":{"line":71,"column":26}},{"start":{"line":71,"column":30},"end":{"line":71,"column":48}}],"line":71},"7":{"loc":{"start":{"line":79,"column":9},"end":{"line":102,"column":5}},"type":"if","locations":[{"start":{"line":79,"column":9},"end":{"line":102,"column":5}},{"start":{"line":79,"column":9},"end":{"line":102,"column":5}}],"line":79},"8":{"loc":{"start":{"line":79,"column":13},"end":{"line":79,"column":53}},"type":"binary-expr","locations":[{"start":{"line":79,"column":13},"end":{"line":79,"column":31}},{"start":{"line":79,"column":35},"end":{"line":79,"column":53}}],"line":79},"9":{"loc":{"start":{"line":88,"column":8},"end":{"line":101,"column":9}},"type":"if","locations":[{"start":{"line":88,"column":8},"end":{"line":101,"column":9}},{"start":{"line":88,"column":8},"end":{"line":101,"column":9}}],"line":88},"10":{"loc":{"start":{"line":88,"column":12},"end":{"line":88,"column":52}},"type":"binary-expr","locations":[{"start":{"line":88,"column":12},"end":{"line":88,"column":30}},{"start":{"line":88,"column":34},"end":{"line":88,"column":52}}],"line":88},"11":{"loc":{"start":{"line":106,"column":4},"end":{"line":137,"column":5}},"type":"if","locations":[{"start":{"line":106,"column":4},"end":{"line":137,"column":5}},{"start":{"line":106,"column":4},"end":{"line":137,"column":5}}],"line":106},"12":{"loc":{"start":{"line":106,"column":8},"end":{"line":106,"column":48}},"type":"binary-expr","locations":[{"start":{"line":106,"column":8},"end":{"line":106,"column":26}},{"start":{"line":106,"column":30},"end":{"line":106,"column":48}}],"line":106},"13":{"loc":{"start":{"line":114,"column":9},"end":{"line":137,"column":5}},"type":"if","locations":[{"start":{"line":114,"column":9},"end":{"line":137,"column":5}},{"start":{"line":114,"column":9},"end":{"line":137,"column":5}}],"line":114},"14":{"loc":{"start":{"line":114,"column":13},"end":{"line":114,"column":53}},"type":"binary-expr","locations":[{"start":{"line":114,"column":13},"end":{"line":114,"column":31}},{"start":{"line":114,"column":35},"end":{"line":114,"column":53}}],"line":114},"15":{"loc":{"start":{"line":123,"column":8},"end":{"line":136,"column":9}},"type":"if","locations":[{"start":{"line":123,"column":8},"end":{"line":136,"column":9}},{"start":{"line":123,"column":8},"end":{"line":136,"column":9}}],"line":123},"16":{"loc":{"start":{"line":123,"column":12},"end":{"line":123,"column":52}},"type":"binary-expr","locations":[{"start":{"line":123,"column":12},"end":{"line":123,"column":30}},{"start":{"line":123,"column":34},"end":{"line":123,"column":52}}],"line":123},"17":{"loc":{"start":{"line":141,"column":4},"end":{"line":176,"column":5}},"type":"if","locations":[{"start":{"line":141,"column":4},"end":{"line":176,"column":5}},{"start":{"line":141,"column":4},"end":{"line":176,"column":5}}],"line":141},"18":{"loc":{"start":{"line":141,"column":8},"end":{"line":141,"column":48}},"type":"binary-expr","locations":[{"start":{"line":141,"column":8},"end":{"line":141,"column":26}},{"start":{"line":141,"column":30},"end":{"line":141,"column":48}}],"line":141},"19":{"loc":{"start":{"line":144,"column":9},"end":{"line":176,"column":5}},"type":"if","locations":[{"start":{"line":144,"column":9},"end":{"line":176,"column":5}},{"start":{"line":144,"column":9},"end":{"line":176,"column":5}}],"line":144},"20":{"loc":{"start":{"line":144,"column":13},"end":{"line":144,"column":53}},"type":"binary-expr","locations":[{"start":{"line":144,"column":13},"end":{"line":144,"column":31}},{"start":{"line":144,"column":35},"end":{"line":144,"column":53}}],"line":144},"21":{"loc":{"start":{"line":148,"column":8},"end":{"line":175,"column":9}},"type":"if","locations":[{"start":{"line":148,"column":8},"end":{"line":175,"column":9}},{"start":{"line":148,"column":8},"end":{"line":175,"column":9}}],"line":148},"22":{"loc":{"start":{"line":148,"column":12},"end":{"line":148,"column":52}},"type":"binary-expr","locations":[{"start":{"line":148,"column":12},"end":{"line":148,"column":30}},{"start":{"line":148,"column":34},"end":{"line":148,"column":52}}],"line":148},"23":{"loc":{"start":{"line":154,"column":20},"end":{"line":167,"column":21}},"type":"if","locations":[{"start":{"line":154,"column":20},"end":{"line":167,"column":21}},{"start":{"line":154,"column":20},"end":{"line":167,"column":21}}],"line":154},"24":{"loc":{"start":{"line":158,"column":25},"end":{"line":167,"column":21}},"type":"if","locations":[{"start":{"line":158,"column":25},"end":{"line":167,"column":21}},{"start":{"line":158,"column":25},"end":{"line":167,"column":21}}],"line":158},"25":{"loc":{"start":{"line":180,"column":4},"end":{"line":199,"column":5}},"type":"if","locations":[{"start":{"line":180,"column":4},"end":{"line":199,"column":5}},{"start":{"line":180,"column":4},"end":{"line":199,"column":5}}],"line":180},"26":{"loc":{"start":{"line":180,"column":8},"end":{"line":180,"column":48}},"type":"binary-expr","locations":[{"start":{"line":180,"column":8},"end":{"line":180,"column":26}},{"start":{"line":180,"column":30},"end":{"line":180,"column":48}}],"line":180},"27":{"loc":{"start":{"line":183,"column":9},"end":{"line":199,"column":5}},"type":"if","locations":[{"start":{"line":183,"column":9},"end":{"line":199,"column":5}},{"start":{"line":183,"column":9},"end":{"line":199,"column":5}}],"line":183},"28":{"loc":{"start":{"line":183,"column":13},"end":{"line":183,"column":53}},"type":"binary-expr","locations":[{"start":{"line":183,"column":13},"end":{"line":183,"column":31}},{"start":{"line":183,"column":35},"end":{"line":183,"column":53}}],"line":183},"29":{"loc":{"start":{"line":187,"column":8},"end":{"line":198,"column":9}},"type":"if","locations":[{"start":{"line":187,"column":8},"end":{"line":198,"column":9}},{"start":{"line":187,"column":8},"end":{"line":198,"column":9}}],"line":187},"30":{"loc":{"start":{"line":187,"column":12},"end":{"line":187,"column":52}},"type":"binary-expr","locations":[{"start":{"line":187,"column":12},"end":{"line":187,"column":30}},{"start":{"line":187,"column":34},"end":{"line":187,"column":52}}],"line":187},"31":{"loc":{"start":{"line":188,"column":12},"end":{"line":193,"column":13}},"type":"if","locations":[{"start":{"line":188,"column":12},"end":{"line":193,"column":13}},{"start":{"line":188,"column":12},"end":{"line":193,"column":13}}],"line":188},"32":{"loc":{"start":{"line":222,"column":4},"end":{"line":224,"column":5}},"type":"if","locations":[{"start":{"line":222,"column":4},"end":{"line":224,"column":5}},{"start":{"line":222,"column":4},"end":{"line":224,"column":5}}],"line":222},"33":{"loc":{"start":{"line":225,"column":4},"end":{"line":227,"column":5}},"type":"if","locations":[{"start":{"line":225,"column":4},"end":{"line":227,"column":5}},{"start":{"line":225,"column":4},"end":{"line":227,"column":5}}],"line":225},"34":{"loc":{"start":{"line":234,"column":12},"end":{"line":236,"column":13}},"type":"if","locations":[{"start":{"line":234,"column":12},"end":{"line":236,"column":13}},{"start":{"line":234,"column":12},"end":{"line":236,"column":13}}],"line":234},"35":{"loc":{"start":{"line":288,"column":12},"end":{"line":293,"column":13}},"type":"if","locations":[{"start":{"line":288,"column":12},"end":{"line":293,"column":13}},{"start":{"line":288,"column":12},"end":{"line":293,"column":13}}],"line":288},"36":{"loc":{"start":{"line":288,"column":16},"end":{"line":288,"column":73}},"type":"binary-expr","locations":[{"start":{"line":288,"column":16},"end":{"line":288,"column":41}},{"start":{"line":288,"column":45},"end":{"line":288,"column":73}}],"line":288},"37":{"loc":{"start":{"line":306,"column":16},"end":{"line":308,"column":17}},"type":"if","locations":[{"start":{"line":306,"column":16},"end":{"line":308,"column":17}},{"start":{"line":306,"column":16},"end":{"line":308,"column":17}}],"line":306},"38":{"loc":{"start":{"line":327,"column":20},"end":{"line":340,"column":21}},"type":"if","locations":[{"start":{"line":327,"column":20},"end":{"line":340,"column":21}},{"start":{"line":327,"column":20},"end":{"line":340,"column":21}}],"line":327},"39":{"loc":{"start":{"line":331,"column":25},"end":{"line":340,"column":21}},"type":"if","locations":[{"start":{"line":331,"column":25},"end":{"line":340,"column":21}},{"start":{"line":331,"column":25},"end":{"line":340,"column":21}}],"line":331},"40":{"loc":{"start":{"line":351,"column":20},"end":{"line":364,"column":21}},"type":"if","locations":[{"start":{"line":351,"column":20},"end":{"line":364,"column":21}},{"start":{"line":351,"column":20},"end":{"line":364,"column":21}}],"line":351},"41":{"loc":{"start":{"line":355,"column":25},"end":{"line":364,"column":21}},"type":"if","locations":[{"start":{"line":355,"column":25},"end":{"line":364,"column":21}},{"start":{"line":355,"column":25},"end":{"line":364,"column":21}}],"line":355},"42":{"loc":{"start":{"line":419,"column":12},"end":{"line":419,"column":58}},"type":"if","locations":[{"start":{"line":419,"column":12},"end":{"line":419,"column":58}},{"start":{"line":419,"column":12},"end":{"line":419,"column":58}}],"line":419},"43":{"loc":{"start":{"line":431,"column":16},"end":{"line":433,"column":17}},"type":"if","locations":[{"start":{"line":431,"column":16},"end":{"line":433,"column":17}},{"start":{"line":431,"column":16},"end":{"line":433,"column":17}}],"line":431},"44":{"loc":{"start":{"line":440,"column":12},"end":{"line":445,"column":13}},"type":"if","locations":[{"start":{"line":440,"column":12},"end":{"line":445,"column":13}},{"start":{"line":440,"column":12},"end":{"line":445,"column":13}}],"line":440},"45":{"loc":{"start":{"line":466,"column":16},"end":{"line":468,"column":17}},"type":"if","locations":[{"start":{"line":466,"column":16},"end":{"line":468,"column":17}},{"start":{"line":466,"column":16},"end":{"line":468,"column":17}}],"line":466},"46":{"loc":{"start":{"line":496,"column":16},"end":{"line":498,"column":17}},"type":"if","locations":[{"start":{"line":496,"column":16},"end":{"line":498,"column":17}},{"start":{"line":496,"column":16},"end":{"line":498,"column":17}}],"line":496},"47":{"loc":{"start":{"line":509,"column":16},"end":{"line":514,"column":17}},"type":"if","locations":[{"start":{"line":509,"column":16},"end":{"line":514,"column":17}},{"start":{"line":509,"column":16},"end":{"line":514,"column":17}}],"line":509},"48":{"loc":{"start":{"line":520,"column":12},"end":{"line":544,"column":13}},"type":"if","locations":[{"start":{"line":520,"column":12},"end":{"line":544,"column":13}},{"start":{"line":520,"column":12},"end":{"line":544,"column":13}}],"line":520},"49":{"loc":{"start":{"line":528,"column":20},"end":{"line":541,"column":21}},"type":"if","locations":[{"start":{"line":528,"column":20},"end":{"line":541,"column":21}},{"start":{"line":528,"column":20},"end":{"line":541,"column":21}}],"line":528},"50":{"loc":{"start":{"line":533,"column":24},"end":{"line":540,"column":25}},"type":"if","locations":[{"start":{"line":533,"column":24},"end":{"line":540,"column":25}},{"start":{"line":533,"column":24},"end":{"line":540,"column":25}}],"line":533},"51":{"loc":{"start":{"line":556,"column":4},"end":{"line":571,"column":5}},"type":"if","locations":[{"start":{"line":556,"column":4},"end":{"line":571,"column":5}},{"start":{"line":556,"column":4},"end":{"line":571,"column":5}}],"line":556},"52":{"loc":{"start":{"line":557,"column":8},"end":{"line":570,"column":9}},"type":"if","locations":[{"start":{"line":557,"column":8},"end":{"line":570,"column":9}},{"start":{"line":557,"column":8},"end":{"line":570,"column":9}}],"line":557},"53":{"loc":{"start":{"line":558,"column":12},"end":{"line":560,"column":13}},"type":"if","locations":[{"start":{"line":558,"column":12},"end":{"line":560,"column":13}},{"start":{"line":558,"column":12},"end":{"line":560,"column":13}}],"line":558},"54":{"loc":{"start":{"line":563,"column":16},"end":{"line":565,"column":17}},"type":"if","locations":[{"start":{"line":563,"column":16},"end":{"line":565,"column":17}},{"start":{"line":563,"column":16},"end":{"line":565,"column":17}}],"line":563},"55":{"loc":{"start":{"line":598,"column":12},"end":{"line":603,"column":13}},"type":"if","locations":[{"start":{"line":598,"column":12},"end":{"line":603,"column":13}},{"start":{"line":598,"column":12},"end":{"line":603,"column":13}}],"line":598},"56":{"loc":{"start":{"line":598,"column":16},"end":{"line":598,"column":39}},"type":"binary-expr","locations":[{"start":{"line":598,"column":16},"end":{"line":598,"column":26}},{"start":{"line":598,"column":30},"end":{"line":598,"column":39}}],"line":598}},"s":{"0":1,"1":1,"2":1,"3":1,"4":1,"5":1,"6":1,"7":1,"8":1,"9":1,"10":1,"11":1,"12":1,"13":1,"14":1,"15":1,"16":1,"17":1,"18":1,"19":1,"20":1,"21":1,"22":1,"23":1,"24":1,"25":1,"26":1,"27":693,"28":693,"29":0,"30":0,"31":20,"32":11,"33":9,"34":9,"35":0,"36":0,"37":0,"38":0,"39":0,"40":33,"41":33,"42":0,"43":0,"44":0,"45":0,"46":0,"47":0,"48":33,"49":0,"50":0,"51":0,"52":0,"53":0,"54":0,"55":33,"56":33,"57":33,"58":33,"59":33,"60":33,"61":33,"62":33,"63":33,"64":0,"65":57,"66":57,"67":0,"68":0,"69":0,"70":0,"71":0,"72":0,"73":57,"74":0,"75":0,"76":0,"77":0,"78":0,"79":0,"80":57,"81":57,"82":57,"83":57,"84":53,"85":57,"86":57,"87":57,"88":57,"89":0,"90":141,"91":141,"92":0,"93":141,"94":0,"95":141,"96":141,"97":141,"98":141,"99":157,"100":157,"101":157,"102":204,"103":204,"104":43,"105":43,"106":161,"107":161,"108":161,"109":0,"110":0,"111":0,"112":0,"113":141,"114":0,"115":0,"116":0,"117":0,"118":0,"119":0,"120":0,"121":0,"122":0,"123":0,"124":0,"125":18,"126":18,"127":18,"128":18,"129":18,"130":24,"131":24,"132":24,"133":0,"134":24,"135":24,"136":584,"137":0,"138":584,"139":0,"140":584,"141":584,"142":81,"143":81,"144":81,"145":77,"146":77,"147":49,"148":81,"149":584,"150":2506,"151":0,"152":0,"153":33,"154":0,"155":25,"156":32,"157":0,"158":6,"159":4,"160":2,"161":3,"162":3,"163":4,"164":8,"165":8,"166":8,"167":8,"168":0,"169":0,"170":28,"171":1,"172":1,"173":1,"174":1,"175":1,"176":1,"177":1,"178":1,"179":113,"180":0,"181":0,"182":40,"183":40,"184":40,"185":40,"186":40,"187":40,"188":40,"189":40,"190":20,"191":20,"192":20,"193":20,"194":20,"195":0,"196":0,"197":0,"198":0,"199":40,"200":32,"201":32,"202":32,"203":32,"204":32,"205":32,"206":32,"207":32,"208":16,"209":16,"210":16,"211":16,"212":16,"213":0,"214":0,"215":0,"216":0,"217":32,"218":81,"219":32,"220":32,"221":32,"222":32,"223":32,"224":32,"225":32,"226":32,"227":32,"228":32,"229":0,"230":0,"231":7,"232":7,"233":7,"234":7,"235":7,"236":7,"237":0,"238":0,"239":0,"240":0,"241":0,"242":0,"243":0,"244":0,"245":0,"246":0,"247":0,"248":0,"249":0,"250":0,"251":0,"252":0,"253":0,"254":0,"255":0,"256":0,"257":0,"258":0,"259":0,"260":0,"261":0,"262":0,"263":0,"264":0,"265":0,"266":14,"267":14,"268":14,"269":14,"270":0,"271":0,"272":0,"273":0,"274":0,"275":0,"276":0,"277":0,"278":0,"279":45,"280":45,"281":45,"282":41,"283":41,"284":41,"285":41,"286":45,"287":8,"288":8,"289":8,"290":0,"291":0,"292":0,"293":0,"294":0,"295":0,"296":53,"297":53,"298":53,"299":58,"300":58,"301":53,"302":94,"303":94,"304":88,"305":88,"306":88,"307":6,"308":49,"309":12,"310":12,"311":12,"312":12,"313":12,"314":12,"315":0,"316":12,"317":4,"318":4,"319":0,"320":4,"321":4,"322":4,"323":4,"324":4,"325":4,"326":4,"327":0,"328":0,"329":0,"330":0,"331":0,"332":4,"333":4,"334":584,"335":12,"336":12,"337":12,"338":0,"339":12,"340":12,"341":26,"342":26,"343":0,"344":0,"345":8,"346":8,"347":8,"348":8,"349":8,"350":8,"351":8,"352":0,"353":880,"354":13,"355":6,"356":18,"357":18,"358":18,"359":0,"360":0,"361":0,"362":8,"363":8,"364":8,"365":8,"366":8,"367":18,"368":8,"369":1},"f":{"0":693,"1":0,"2":20,"3":33,"4":57,"5":141,"6":0,"7":18,"8":24,"9":0,"10":584,"11":81,"12":2506,"13":0,"14":0,"15":33,"16":0,"17":25,"18":32,"19":0,"20":6,"21":4,"22":2,"23":3,"24":3,"25":4,"26":8,"27":0,"28":28,"29":1,"30":113,"31":0,"32":0,"33":40,"34":32,"35":81,"36":32,"37":0,"38":0,"39":7,"40":0,"41":0,"42":0,"43":0,"44":14,"45":0,"46":0,"47":45,"48":8,"49":0,"50":53,"51":94,"52":49,"53":12,"54":4,"55":4,"56":12,"57":8,"58":0,"59":880,"60":13,"61":6,"62":18,"63":0,"64":0},"b":{"0":[693,0],"1":[11,9],"2":[9,0],"3":[0,0],"4":[0,0],"5":[0,33],"6":[33,0],"7":[0,33],"8":[33,33],"9":[33,0],"10":[33,33],"11":[0,57],"12":[57,0],"13":[0,57],"14":[57,57],"15":[57,0],"16":[57,57],"17":[0,141],"18":[141,0],"19":[0,141],"20":[141,141],"21":[141,0],"22":[141,141],"23":[43,161],"24":[161,0],"25":[0,0],"26":[0,0],"27":[0,0],"28":[0,0],"29":[0,0],"30":[0,0],"31":[0,0],"32":[0,584],"33":[0,584],"34":[49,28],"35":[8,0],"36":[8,8],"37":[1,0],"38":[20,20],"39":[20,0],"40":[16,16],"41":[16,0],"42":[0,0],"43":[0,0],"44":[14,0],"45":[41,0],"46":[88,0],"47":[12,0],"48":[0,4],"49":[4,0],"50":[0,0],"51":[12,0],"52":[12,0],"53":[0,12],"54":[0,26],"55":[18,0],"56":[18,18]},"inputSourceMap":{"version":3,"file":"/home/david/Development/geocas/src/mother/Algebra.ts","sources":["/home/david/Development/geocas/src/mother/Algebra.ts"],"names":[],"mappings":";;;AAAA,6CAA4C;AAC5C,iDAAgD;AAChD,+CAA8C;AAC9C,+CAA8C;AAC9C,qDAAoD;AACpD,yDAAwD;AACxD,yDAAwD;AACxD,qDAAoD;AACpD,iCAAgC;AAEhC,6BAA4B;AAC5B,6BAA4B;AAC5B,6BAA4B;AAC5B,uCAAsC;AACtC,+BAA8B;AAC9B,+BAA8B;AAC9B,+BAA8B;AAE9B,iDAAgD;AAChD,iDAAgD;AAChD,iDAAgD;AAChD,iDAAgD;AAChD,iDAAgD;AAChD,+BAA8B;AAC9B,+BAA8B;AAC9B,+BAA8B;AAC9B,uCAAsC;AAItC;;;;;;;;GAQG;AAEH,SAAS,aAAa,CAAI,GAAQ;IAC9B,IAAI,GAAG,EAAE;QACL,OAAO,OAAO,GAAG,CAAC,cAAc,CAAC,KAAK,UAAU,CAAC;KACpD;SACI;QACD,OAAO,KAAK,CAAC;KAChB;AACL,CAAC;AACD,SAAS,QAAQ,CAAC,GAAgB;IAC9B,OAAO,OAAO,GAAG,CAAC,cAAc,KAAK,UAAU,CAAC;AACpD,CAAC;AAED;;GAEG;AACH,SAAS,GAAG,CAAI,MAAqC;IACjD,IAAI,IAAA,mBAAQ,EAAC,MAAM,CAAC,EAAE;QAClB,OAAO,MAAM,CAAC;KACjB;SACI,IAAI,IAAA,iBAAO,EAAC,MAAM,CAAC,EAAE;QACtB,OAAO,MAAM,CAAC,MAAM,CAAC;KACxB;SACI,IAAI,IAAA,yBAAW,EAAC,MAAM,CAAC,EAAE;QAC1B,MAAM,IAAI,KAAK,CAAC,qBAAqB,CAAC,CAAC;KAC1C;SACI,IAAI,QAAQ,CAAC,MAAM,CAAC,EAAE;QACvB,OAAO,MAAM,CAAC,cAAc,EAAE,CAAC,MAAM,CAAC;KACzC;SACI;QACD,MAAM,IAAI,KAAK,CAAC,qBAAqB,CAAC,CAAC;KAC1C;AACL,CAAC;AAED,SAAS,GAAG,CAAI,GAAuB,EAAE,GAAuB,EAAE,OAAmB,EAAE,MAAiB,EAAE,MAAgB;IACtH,IAAM,KAAK,GAAG,OAAO,CAAC,KAAK,CAAC;IAC5B,IAAI,KAAK,CAAC,OAAO,CAAC,GAAG,CAAC,IAAI,aAAa,CAAC,GAAG,CAAC,EAAE;QAC1C,IAAM,GAAG,GAAe,EAAE,CAAC;QAC3B,GAAG,CAAC,IAAI,CAAC,IAAA,aAAK,EAAC,CAAC,EAAE,GAAG,EAAE,KAAK,CAAC,CAAC,CAAC;QAC/B,KAAK,IAAI,CAAC,GAAG,CAAC,EAAE,CAAC,GAAG,GAAG,CAAC,MAAM,CAAC,MAAM,EAAE,CAAC,EAAE,EAAE;YACxC,GAAG,CAAC,IAAI,CAAC,GAAG,CAAC,MAAM,CAAC,CAAC,CAAC,CAAC,CAAC;SAC3B;QACD,OAAO,EAAE,CAAC,IAAA,mBAAQ,EAAC,GAAG,EAAE,KAAK,CAAC,EAAE,OAAO,EAAE,MAAM,EAAE,MAAM,CAAC,CAAC;KAC5D;SACI,IAAI,aAAa,CAAC,GAAG,CAAC,IAAI,KAAK,CAAC,OAAO,CAAC,GAAG,CAAC,EAAE;QAC/C,IAAM,GAAG,GAAe,EAAE,CAAC;QAC3B,GAAG,CAAC,IAAI,CAAC,IAAA,aAAK,EAAC,CAAC,EAAE,GAAG,EAAE,KAAK,CAAC,CAAC,CAAC;QAC/B,KAAK,IAAI,CAAC,GAAG,CAAC,EAAE,CAAC,GAAG,GAAG,CAAC,MAAM,CAAC,MAAM,EAAE,CAAC,EAAE,EAAE;YACxC,GAAG,CAAC,IAAI,CAAC,GAAG,CAAC,MAAM,CAAC,CAAC,CAAC,CAAC,CAAC;SAC3B;QACD,OAAO,EAAE,CAAC,IAAA,mBAAQ,EAAC,GAAG,EAAE,KAAK,CAAC,EAAE,OAAO,EAAE,MAAM,EAAE,MAAM,CAAC,CAAC;KAC5D;SACI;QACD,IAAI,aAAa,CAAC,GAAG,CAAC,IAAI,aAAa,CAAC,GAAG,CAAC,EAAE;YAC1C,IAAM,GAAG,GAAe,EAAE,CAAC;YAC3B,KAAK,IAAI,CAAC,GAAG,CAAC,EAAE,CAAC,GAAG,GAAG,CAAC,MAAM,CAAC,MAAM,EAAE,CAAC,EAAE,EAAE;gBACxC,GAAG,CAAC,IAAI,CAAC,GAAG,CAAC,MAAM,CAAC,CAAC,CAAC,CAAC,CAAC;aAC3B;YACD,KAAK,IAAI,CAAC,GAAG,CAAC,EAAE,CAAC,GAAG,GAAG,CAAC,MAAM,CAAC,MAAM,EAAE,CAAC,EAAE,EAAE;gBACxC,GAAG,CAAC,IAAI,CAAC,GAAG,CAAC,MAAM,CAAC,CAAC,CAAC,CAAC,CAAC;aAC3B;YACD,OAAO,EAAE,CAAC,IAAA,mBAAQ,EAAC,GAAG,EAAE,KAAK,CAAC,EAAE,OAAO,EAAE,MAAM,EAAE,MAAM,CAAC,CAAC;SAC5D;aACI;YACD,yDAAyD;YACzD,OAAO,KAAK,CAAC,CAAC;SACjB;KACJ;AACL,CAAC;AAED,SAAS,GAAG,CAAI,GAAuB,EAAE,GAAuB,EAAE,OAAmB,EAAE,MAAiB,EAAE,MAAgB;IACtH,IAAM,KAAK,GAAG,OAAO,CAAC,KAAK,CAAC;IAC5B,IAAI,KAAK,CAAC,OAAO,CAAC,GAAG,CAAC,IAAI,aAAa,CAAC,GAAG,CAAC,EAAE;QAC1C,IAAM,GAAG,GAAe,EAAE,CAAC;QAC3B,GAAG,CAAC,IAAI,CAAC,IAAA,aAAK,EAAC,CAAC,EAAE,GAAG,EAAE,KAAK,CAAC,CAAC,CAAC;QAC/B,KAAK,IAAI,CAAC,GAAG,CAAC,EAAE,CAAC,GAAG,GAAG,CAAC,MAAM,CAAC,MAAM,EAAE,CAAC,EAAE,EAAE;YACxC,GAAG,CAAC,IAAI,CAAC,GAAG,CAAC,MAAM,CAAC,CAAC,CAAC,CAAC,OAAO,EAAE,CAAC,CAAC;SACrC;QACD,OAAO,EAAE,CAAC,IAAA,mBAAQ,EAAC,GAAG,EAAE,KAAK,CAAC,EAAE,OAAO,EAAE,MAAM,EAAE,MAAM,CAAC,CAAC;KAC5D;SACI,IAAI,aAAa,CAAC,GAAG,CAAC,IAAI,KAAK,CAAC,OAAO,CAAC,GAAG,CAAC,EAAE;QAC/C,IAAM,GAAG,GAAe,EAAE,CAAC;QAC3B,GAAG,CAAC,IAAI,CAAC,IAAA,aAAK,EAAC,CAAC,EAAE,KAAK,CAAC,GAAG,CAAC,GAAG,CAAC,EAAE,KAAK,CAAC,CAAC,CAAC;QAC1C,KAAK,IAAI,CAAC,GAAG,CAAC,EAAE,CAAC,GAAG,GAAG,CAAC,MAAM,CAAC,MAAM,EAAE,CAAC,EAAE,EAAE;YACxC,GAAG,CAAC,IAAI,CAAC,GAAG,CAAC,MAAM,CAAC,CAAC,CAAC,CAAC,CAAC;SAC3B;QACD,OAAO,EAAE,CAAC,IAAA,mBAAQ,EAAC,GAAG,EAAE,KAAK,CAAC,EAAE,OAAO,EAAE,MAAM,EAAE,MAAM,CAAC,CAAC;KAC5D;SACI;QACD,IAAI,aAAa,CAAC,GAAG,CAAC,IAAI,aAAa,CAAC,GAAG,CAAC,EAAE;YAC1C,IAAM,GAAG,GAAe,EAAE,CAAC;YAC3B,KAAK,IAAI,CAAC,GAAG,CAAC,EAAE,CAAC,GAAG,GAAG,CAAC,MAAM,CAAC,MAAM,EAAE,CAAC,EAAE,EAAE;gBACxC,GAAG,CAAC,IAAI,CAAC,GAAG,CAAC,MAAM,CAAC,CAAC,CAAC,CAAC,CAAC;aAC3B;YACD,KAAK,IAAI,CAAC,GAAG,CAAC,EAAE,CAAC,GAAG,GAAG,CAAC,MAAM,CAAC,MAAM,EAAE,CAAC,EAAE,EAAE;gBACxC,GAAG,CAAC,IAAI,CAAC,GAAG,CAAC,MAAM,CAAC,CAAC,CAAC,CAAC,OAAO,EAAE,CAAC,CAAC;aACrC;YACD,OAAO,EAAE,CAAC,IAAA,mBAAQ,EAAC,GAAG,EAAE,KAAK,CAAC,EAAE,OAAO,EAAE,MAAM,EAAE,MAAM,CAAC,CAAC;SAC5D;aACI;YACD,yDAAyD;YACzD,OAAO,KAAK,CAAC,CAAC;SACjB;KACJ;AACL,CAAC;AAED,SAAS,GAAG,CAAI,GAAuB,EAAE,GAAuB,EAAE,OAAmB,EAAE,MAAiB,EAAE,MAAgB;IACtH,IAAM,KAAK,GAAG,OAAO,CAAC,KAAK,CAAC;IAC5B,IAAI,KAAK,CAAC,OAAO,CAAC,GAAG,CAAC,IAAI,aAAa,CAAC,GAAG,CAAC,EAAE;QAC1C,OAAO,GAAG,CAAC,WAAW,CAAC,GAAG,CAAC,CAAC;KAC/B;SACI,IAAI,aAAa,CAAC,GAAG,CAAC,IAAI,KAAK,CAAC,OAAO,CAAC,GAAG,CAAC,EAAE;QAC/C,OAAO,GAAG,CAAC,WAAW,CAAC,GAAG,CAAC,CAAC;KAC/B;SACI;QACD,IAAI,aAAa,CAAC,GAAG,CAAC,IAAI,aAAa,CAAC,GAAG,CAAC,EAAE;YAC1C,IAAM,GAAG,GAAe,EAAE,CAAC;YAC3B,KAAK,IAAI,CAAC,GAAG,CAAC,EAAE,CAAC,GAAG,GAAG,CAAC,MAAM,CAAC,MAAM,EAAE,CAAC,EAAE,EAAE;gBACxC,IAAM,EAAE,GAAG,GAAG,CAAC,MAAM,CAAC,CAAC,CAAC,CAAC;gBACzB,KAAK,IAAI,CAAC,GAAG,CAAC,EAAE,CAAC,GAAG,GAAG,CAAC,MAAM,CAAC,MAAM,EAAE,CAAC,EAAE,EAAE;oBACxC,IAAM,EAAE,GAAG,GAAG,CAAC,MAAM,CAAC,CAAC,CAAC,CAAC;oBACzB,IAAI,IAAA,mBAAQ,EAAC,MAAM,CAAC,EAAE;wBAClB,IAAM,CAAC,GAAG,IAAA,SAAG,EAAC,EAAE,EAAE,EAAE,EAAE,KAAK,CAAC,CAAC;wBAC7B,GAAG,CAAC,IAAI,CAAC,CAAC,CAAC,CAAC;qBACf;yBACI,IAAI,IAAA,iBAAO,EAAC,MAAM,CAAC,EAAE;wBACtB,IAAM,CAAC,GAAG,IAAA,SAAG,EAAC,EAAE,EAAE,EAAE,EAAY,MAAM,EAAE,KAAK,CAAC,CAAC;wBAC/C,GAAG,CAAC,IAAI,CAAC,CAAC,CAAC,CAAC;qBACf;yBACI;wBACD,IAAM,CAAC,GAAG,IAAA,SAAG,EAAC,EAAE,EAAE,EAAE,EAAa,MAAM,EAAE,KAAK,CAAC,CAAC;wBAChD,KAAK,IAAI,CAAC,GAAG,CAAC,EAAE,CAAC,GAAG,CAAC,CAAC,MAAM,EAAE,CAAC,EAAE,EAAE;4BAC/B,GAAG,CAAC,IAAI,CAAC,CAAC,CAAC,CAAC,CAAC,CAAC,CAAC;yBAClB;qBACJ;iBACJ;aACJ;YACD,OAAO,EAAE,CAAC,IAAA,mBAAQ,EAAC,GAAG,EAAE,KAAK,CAAC,EAAE,OAAO,EAAE,MAAM,EAAE,MAAM,CAAC,CAAC;SAC5D;aACI;YACD,yDAAyD;YACzD,OAAO,KAAK,CAAC,CAAC;SACjB;KACJ;AACL,CAAC;AAED,SAAS,GAAG,CAAI,GAAuB,EAAE,GAAuB,EAAE,OAAmB;IACjF,IAAM,KAAK,GAAG,OAAO,CAAC,KAAK,CAAC;IAC5B,IAAI,KAAK,CAAC,OAAO,CAAC,GAAG,CAAC,IAAI,aAAa,CAAC,GAAG,CAAC,EAAE;QAC1C,MAAM,IAAI,KAAK,CAAC,qDAA8C,GAAG,gBAAM,GAAG,CAAE,CAAC,CAAC;KACjF;SACI,IAAI,aAAa,CAAC,GAAG,CAAC,IAAI,KAAK,CAAC,OAAO,CAAC,GAAG,CAAC,EAAE;QAC/C,OAAO,GAAG,CAAC,WAAW,CAAC,GAAG,CAAC,CAAC;KAC/B;SACI;QACD,IAAI,aAAa,CAAC,GAAG,CAAC,IAAI,aAAa,CAAC,GAAG,CAAC,EAAE;YAC1C,IAAI,IAAA,mBAAQ,EAAC,GAAG,CAAC,EAAE;gBACf,OAAO,GAAG,CAAC,WAAW,CAAC,GAAG,CAAC,gBAAgB,EAAE,CAAC,CAAC;aAClD;iBACI;gBACD,MAAM,IAAI,KAAK,CAAC,qDAA8C,GAAG,gBAAM,GAAG,CAAE,CAAC,CAAC;aACjF;SACJ;aACI;YACD,yDAAyD;YACzD,OAAO,KAAK,CAAC,CAAC;SACjB;KACJ;AACL,CAAC;AAED;;GAEG;AACH,SAAS,cAAc,CAAI,KAAa,EAAE,OAAmB,EAAE,MAAiB,EAAE,MAAgB;IAC9F,IAAA,6BAAa,EAAC,OAAO,EAAE,KAAK,CAAC,CAAC;IAC9B,IAAA,6BAAa,EAAC,SAAS,EAAE,OAAO,CAAC,CAAC;IAClC,IAAM,KAAK,GAAG,OAAO,CAAC,KAAK,CAAC;IAC5B,IAAM,CAAC,GAAG,IAAA,aAAK,EAAC,CAAC,IAAI,KAAK,EAAE,KAAK,CAAC,GAAG,EAAE,KAAK,CAAC,CAAC;IAC9C,OAAO,EAAE,CAAI,CAAC,CAAC,CAAC,EAAE,OAAO,EAAE,MAAM,EAAE,MAAM,CAAC,CAAC;AAC/C,CAAC;AAED;;GAEG;AACH,SAAS,SAAS,CAAI,MAAS,EAAE,OAAmB,EAAE,MAAiB,EAAE,MAAgB;IACrF,IAAA,6BAAa,EAAC,SAAS,EAAE,OAAO,CAAC,CAAC;IAClC,IAAM,KAAK,GAAG,OAAO,CAAC,KAAK,CAAC;IAC5B,IAAA,yBAAW,EAAC,QAAQ,EAAE,KAAK,CAAC,OAAO,CAAC,MAAM,CAAC,EAAE,cAAQ,OAAO,kBAAkB,CAAC,CAAC,CAAC,CAAC,CAAC;IACnF,IAAM,CAAC,GAAG,IAAA,aAAK,EAAC,CAAC,EAAE,MAAM,EAAE,KAAK,CAAC,CAAC;IAClC,OAAO,EAAE,CAAI,CAAC,CAAC,CAAC,EAAE,OAAO,EAAE,MAAM,EAAE,MAAM,CAAC,CAAC;AAC/C,CAAC;AAED,SAAS,EAAE,CAAI,MAAkB,EAAE,OAAmB,EAAE,MAAiB,EAAE,MAAgB;IACvF,IAAI,CAAC,IAAA,iBAAO,EAAC,MAAM,CAAC,EAAE;QAClB,MAAM,IAAI,KAAK,CAAC,2BAA2B,CAAC,CAAC;KAChD;IACD,IAAI,IAAA,yBAAW,EAAC,OAAO,CAAC,EAAE;QACtB,MAAM,IAAI,KAAK,CAAC,yBAAyB,CAAC,CAAC;KAC9C;IACD,2BAA2B;IAC3B,IAAM,KAAK,GAAG,OAAO,CAAC,KAAK,CAAC;IAC5B,IAAM,YAAY,GAAG,UAAU,KAAa;QACxC,IAAM,GAAG,GAAe,EAAE,CAAC;QAC3B,KAAK,IAAI,CAAC,GAAG,CAAC,EAAE,CAAC,GAAG,MAAM,CAAC,MAAM,EAAE,CAAC,EAAE,EAAE;YACpC,IAAM,CAAC,GAAG,MAAM,CAAC,CAAC,CAAC,CAAC;YACpB,IAAI,CAAC,CAAC,KAAK,EAAE,KAAK,KAAK,EAAE;gBACrB,GAAG,CAAC,IAAI,CAAC,CAAC,CAAC,CAAC;aACf;SACJ;QACD,OAAO,EAAE,CAAC,GAAG,EAAE,OAAO,EAAE,MAAM,EAAE,MAAM,CAAC,CAAC;IAC5C,CAAC,CAAC;IACF,IAAM,IAAI,GAAmB;QACzB,IAAI,MAAM;YACN,OAAO,MAAM,CAAC;QAClB,CAAC;QACD,OAAO,EAAP;YACI,OAAO,IAAI,CAAC,GAAG,CAAC,IAAI,CAAC,GAAG,EAAE,CAAC,CAAC,IAAI,EAAE,CAAC;QACvC,CAAC;QACD,GAAG,EAAH,UAAI,GAAmB;YACnB,OAAO,GAAG,CAAC,IAAI,EAAE,GAAG,EAAE,OAAO,EAAE,MAAM,EAAE,MAAM,CAAmB,CAAC;QACrE,CAAC;QACD,OAAO,EAAP,UAAQ,GAAmB;YACvB,OAAO,GAAG,CAAC,IAAI,EAAE,GAAG,EAAE,OAAO,EAAE,MAAM,EAAE,MAAM,CAAmB,CAAC;QACrE,CAAC;QACD,QAAQ,EAAR,UAAS,GAAmB;YACxB,OAAO,GAAG,CAAC,GAAG,EAAE,IAAI,EAAE,OAAO,EAAE,MAAM,EAAE,MAAM,CAAmB,CAAC;QACrE,CAAC;QACD,GAAG,EAAH,UAAI,GAAmB;YACnB,OAAO,GAAG,CAAC,IAAI,EAAE,GAAG,EAAE,OAAO,EAAE,MAAM,EAAE,MAAM,CAAmB,CAAC;QACrE,CAAC;QACD,OAAO,EAAP,UAAQ,GAAmB;YACvB,OAAO,GAAG,CAAC,IAAI,EAAE,GAAG,EAAE,OAAO,EAAE,MAAM,EAAE,MAAM,CAAmB,CAAC;QACrE,CAAC;QACD,QAAQ,EAAR,UAAS,GAAmB;YACxB,OAAO,GAAG,CAAC,GAAG,EAAE,IAAI,EAAE,OAAO,EAAE,MAAM,EAAE,MAAM,CAAmB,CAAC;QACrE,CAAC;QACD,MAAM,EAAN,UAAO,GAAmB;YACtB,OAAO,IAAA,6BAAa,EAAC,IAAI,EAAE,GAAG,EAAE,KAAK,CAAC,CAAC;QAC3C,CAAC;QACD,MAAM,EAAN,UAAO,GAAmB;YACtB,OAAO,IAAA,6BAAa,EAAC,IAAI,EAAE,GAAG,EAAE,KAAK,CAAC,CAAC;QAC3C,CAAC;QACD,MAAM,EAAN,UAAO,GAAmB;YACtB,OAAO,IAAA,6BAAa,EAAC,IAAI,EAAE,GAAG,EAAE,KAAK,CAAC,CAAC;QAC3C,CAAC;QACD,MAAM,EAAN,UAAO,GAAmB;YACtB,OAAO,IAAA,6BAAa,EAAC,IAAI,EAAE,GAAG,EAAE,KAAK,CAAC,CAAC;QAC3C,CAAC;QACD,MAAM,EAAN,UAAO,GAAmB;YACtB,OAAO,IAAA,6BAAa,EAAC,IAAI,EAAE,GAAG,EAAE,KAAK,CAAC,CAAC;QAC3C,CAAC;QACD,MAAM,EAAN,UAAO,GAAmB;YACtB,OAAO,CAAC,IAAA,6BAAa,EAAC,IAAI,EAAE,GAAG,EAAE,KAAK,CAAC,CAAC;QAC5C,CAAC;QACD,GAAG,EAAH;YACI,6EAA6E;YAC7E,IAAM,OAAO,GAAG,IAAI,CAAC,GAAG,EAAE,CAAC;YAC3B,IAAM,KAAK,GAAG,IAAI,CAAC,GAAG,CAAC,OAAO,CAAC,CAAC;YAChC,8DAA8D;YAC9D,IAAI,KAAK,CAAC,MAAM,CAAC,MAAM,KAAK,CAAC,IAAI,KAAK,CAAC,MAAM,CAAC,CAAC,CAAC,CAAC,MAAM,KAAK,CAAC,EAAE;gBAC3D,OAAO,OAAO,CAAC,WAAW,CAAC,KAAK,CAAC,gBAAgB,EAAE,CAAC,CAAC;aACxD;iBACI;gBACD,MAAM,IAAI,KAAK,CAAC,sDAA+C,IAAI,CAAE,CAAC,CAAC;aAC1E;QACL,CAAC;QACD,MAAM,EAAN;YACI,OAAO,MAAM,CAAC,MAAM,KAAK,CAAC,CAAC;QAC/B,CAAC;QACD,GAAG,EAAH,UAAI,GAAmB;YACnB,OAAO,GAAG,CAAC,IAAI,EAAE,GAAG,EAAE,OAAO,EAAE,MAAM,EAAE,MAAM,CAAmB,CAAC;QACrE,CAAC;QACD,WAAW,EAAX,UAAY,CAAI;YACZ,IAAM,GAAG,GAAe,EAAE,CAAC;YAC3B,KAAK,IAAI,CAAC,GAAG,CAAC,EAAE,CAAC,GAAG,MAAM,CAAC,MAAM,EAAE,CAAC,EAAE,EAAE;gBACpC,IAAM,CAAC,GAAG,MAAM,CAAC,CAAC,CAAC,CAAC;gBACpB,IAAM,KAAK,GAAG,KAAK,CAAC,GAAG,CAAC,CAAC,CAAC,MAAM,EAAE,CAAC,CAAC,CAAC;gBACrC,IAAI,CAAC,KAAK,CAAC,MAAM,CAAC,KAAK,CAAC,EAAE;oBACtB,GAAG,CAAC,IAAI,CAAC,IAAA,aAAK,EAAC,CAAC,CAAC,MAAM,EAAE,KAAK,EAAE,KAAK,CAAC,CAAC,CAAC;iBAC3C;aACJ;YACD,OAAO,EAAE,CAAC,GAAG,EAAE,OAAO,EAAE,MAAM,EAAE,MAAM,CAAC,CAAC;QAC5C,CAAC;QACD,OAAO,EAAP,UAAQ,GAAuB;YAC3B,OAAO,GAAG,CAAC,IAAI,EAAE,GAAG,EAAE,OAAO,EAAE,MAAM,EAAE,MAAM,CAAmB,CAAC;QACrE,CAAC;QACD,QAAQ,EAAR,UAAS,GAAuB;YAC5B,OAAO,GAAG,CAAC,GAAG,EAAE,IAAI,EAAE,OAAO,EAAE,MAAM,EAAE,MAAM,CAAmB,CAAC;QACrE,CAAC;QACD,OAAO,EAAP,UAAQ,GAAuB;YAC3B,OAAO,GAAG,CAAC,IAAI,EAAE,GAAG,EAAE,OAAO,CAAmB,CAAC;QACrD,CAAC;QACD,UAAU,EAAV,UAAW,GAAmB;YAC1B,IAAM,GAAG,GAAe,EAAE,CAAC;YAC3B,KAAK,IAAI,CAAC,GAAG,CAAC,EAAE,CAAC,GAAG,MAAM,CAAC,MAAM,EAAE,CAAC,EAAE,EAAE;gBACpC,IAAM,EAAE,GAAG,MAAM,CAAC,CAAC,CAAC,CAAC;gBACrB,KAAK,IAAI,CAAC,GAAG,CAAC,EAAE,CAAC,GAAG,GAAG,CAAC,MAAM,CAAC,MAAM,EAAE,CAAC,EAAE,EAAE;oBACxC,IAAM,EAAE,GAAG,GAAG,CAAC,MAAM,CAAC,CAAC,CAAC,CAAC;oBACzB,IAAI,IAAA,mBAAQ,EAAC,MAAM,CAAC,EAAE;wBAClB,IAAM,CAAC,GAAG,IAAA,WAAI,EAAC,EAAE,EAAE,EAAE,EAAE,KAAK,CAAC,CAAC;wBAC9B,GAAG,CAAC,IAAI,CAAC,CAAC,CAAC,CAAC;qBACf;yBACI,IAAI,IAAA,iBAAO,EAAC,MAAM,CAAC,EAAE;wBACtB,IAAM,CAAC,GAAG,IAAA,WAAI,EAAC,EAAE,EAAE,EAAE,EAAY,MAAM,EAAE,KAAK,CAAC,CAAC;wBAChD,GAAG,CAAC,IAAI,CAAC,CAAC,CAAC,CAAC;qBACf;yBACI;wBACD,IAAM,CAAC,GAAG,IAAA,WAAI,EAAC,EAAE,EAAE,EAAE,EAAa,MAAM,EAAE,KAAK,CAAC,CAAC;wBACjD,KAAK,IAAI,CAAC,GAAG,CAAC,EAAE,CAAC,GAAG,CAAC,CAAC,MAAM,EAAE,CAAC,EAAE,EAAE;4BAC/B,GAAG,CAAC,IAAI,CAAC,CAAC,CAAC,CAAC,CAAC,CAAC,CAAC;yBAClB;qBACJ;iBACJ;aACJ;YACD,OAAO,EAAE,CAAC,IAAA,mBAAQ,EAAC,GAAG,EAAE,KAAK,CAAC,EAAE,OAAO,EAAE,MAAM,EAAE,MAAM,CAAC,CAAC;QAC7D,CAAC;QACD,UAAU,EAAV,UAAW,GAAmB;YAC1B,IAAM,GAAG,GAAe,EAAE,CAAC;YAC3B,KAAK,IAAI,CAAC,GAAG,CAAC,EAAE,CAAC,GAAG,MAAM,CAAC,MAAM,EAAE,CAAC,EAAE,EAAE;gBACpC,IAAM,EAAE,GAAG,MAAM,CAAC,CAAC,CAAC,CAAC;gBACrB,KAAK,IAAI,CAAC,GAAG,CAAC,EAAE,CAAC,GAAG,GAAG,CAAC,MAAM,CAAC,MAAM,EAAE,CAAC,EAAE,EAAE;oBACxC,IAAM,EAAE,GAAG,GAAG,CAAC,MAAM,CAAC,CAAC,CAAC,CAAC;oBACzB,IAAI,IAAA,mBAAQ,EAAC,MAAM,CAAC,EAAE;wBAClB,IAAM,CAAC,GAAG,IAAA,WAAI,EAAC,EAAE,EAAE,EAAE,EAAE,KAAK,CAAC,CAAC;wBAC9B,GAAG,CAAC,IAAI,CAAC,CAAC,CAAC,CAAC;qBACf;yBACI,IAAI,IAAA,iBAAO,EAAC,MAAM,CAAC,EAAE;wBACtB,IAAM,CAAC,GAAG,IAAA,WAAI,EAAC,EAAE,EAAE,EAAE,EAAE,MAAM,EAAE,KAAK,CAAC,CAAC;wBACtC,GAAG,CAAC,IAAI,CAAC,CAAC,CAAC,CAAC;qBACf;yBACI;wBACD,IAAM,CAAC,GAAG,IAAA,WAAI,EAAC,EAAE,EAAE,EAAE,EAAa,MAAM,EAAE,KAAK,CAAC,CAAC;wBACjD,KAAK,IAAI,CAAC,GAAG,CAAC,EAAE,CAAC,GAAG,CAAC,CAAC,MAAM,EAAE,CAAC,EAAE,EAAE;4BAC/B,GAAG,CAAC,IAAI,CAAC,CAAC,CAAC,CAAC,CAAC,CAAC,CAAC;yBAClB;qBACJ;iBACJ;aACJ;YACD,OAAO,EAAE,CAAC,IAAA,mBAAQ,EAAC,GAAG,EAAE,KAAK,CAAC,EAAE,OAAO,EAAE,MAAM,EAAE,MAAM,CAAC,CAAC;QAC7D,CAAC;QACD,QAAQ,EAAR,UAAS,GAAmB;YACxB,8EAA8E;YAC9E,OAAO,IAAI,CAAC,OAAO,CAAC,GAAG,CAAC,CAAC,YAAY,CAAC,CAAC,CAAC,CAAC;QAC7C,CAAC;QACD,SAAS,EAAT,UAAU,GAAmB;YACzB,IAAM,GAAG,GAAe,EAAE,CAAC;YAC3B,KAAK,IAAI,CAAC,GAAG,CAAC,EAAE,CAAC,GAAG,MAAM,CAAC,MAAM,EAAE,CAAC,EAAE,EAAE;gBACpC,IAAM,EAAE,GAAG,MAAM,CAAC,CAAC,CAAC,CAAC;gBACrB,KAAK,IAAI,CAAC,GAAG,CAAC,EAAE,CAAC,GAAG,GAAG,CAAC,MAAM,CAAC,MAAM,EAAE,CAAC,EAAE,EAAE;oBACxC,IAAM,EAAE,GAAG,GAAG,CAAC,MAAM,CAAC,CAAC,CAAC,CAAC;oBACzB,IAAM,CAAC,GAAG,EAAE,CAAC,SAAS,CAAC,EAAE,CAAC,CAAC;oBAC3B,GAAG,CAAC,IAAI,CAAC,CAAC,CAAC,CAAC;iBACf;aACJ;YACD,OAAO,EAAE,CAAC,IAAA,mBAAQ,EAAC,GAAG,EAAE,KAAK,CAAC,EAAE,OAAO,EAAE,MAAM,EAAE,MAAM,CAAC,CAAC;QAC7D,CAAC;QACD,QAAQ,EAAR;YACI,OAAO,IAAI,CAAC,GAAG,EAAE,CAAC;QACtB,CAAC;QACD,OAAO,EAAP;YACI,OAAO,IAAI,CAAC;QAChB,CAAC;QACD,GAAG,EAAH;YACI,IAAM,GAAG,GAAe,EAAE,CAAC;YAC3B,KAAK,IAAI,CAAC,GAAG,CAAC,EAAE,CAAC,GAAG,MAAM,CAAC,MAAM,EAAE,CAAC,EAAE,EAAE;gBACpC,IAAM,CAAC,GAAG,MAAM,CAAC,CAAC,CAAC,CAAC;gBACpB,GAAG,CAAC,IAAI,CAAC,CAAC,CAAC,OAAO,EAAE,CAAC,CAAC;aACzB;YACD,OAAO,EAAE,CAAC,GAAG,EAAE,OAAO,EAAE,MAAM,EAAE,MAAM,CAAC,CAAC;QAC5C,CAAC;QACD,OAAO,EAAP;YACI,IAAM,GAAG,GAAe,EAAE,CAAC;YAC3B,KAAK,IAAI,CAAC,GAAG,CAAC,EAAE,CAAC,GAAG,MAAM,CAAC,MAAM,EAAE,CAAC,EAAE,EAAE;gBACpC,IAAM,CAAC,GAAG,MAAM,CAAC,CAAC,CAAC,CAAC;gBACpB,GAAG,CAAC,IAAI,CAAC,CAAC,CAAC,OAAO,EAAE,CAAC,CAAC;aACzB;YACD,OAAO,EAAE,CAAC,GAAG,EAAE,OAAO,EAAE,MAAM,EAAE,MAAM,CAAC,CAAC;QAC5C,CAAC;QACD,SAAS,EAAT;YACI,OAAO,IAAI,CAAC,GAAG,EAAE,CAAC;QACtB,CAAC;QACD,iBAAiB,EAAjB;YACI,IAAM,GAAG,GAAe,EAAE,CAAC;YAC3B,KAAK,IAAI,CAAC,GAAG,CAAC,EAAE,CAAC,GAAG,MAAM,CAAC,MAAM,EAAE,CAAC,EAAE,EAAE;gBACpC,IAAM,CAAC,GAAG,MAAM,CAAC,CAAC,CAAC,CAAC;gBACpB,GAAG,CAAC,IAAI,CAAC,CAAC,CAAC,iBAAiB,EAAE,CAAC,CAAC;aACnC;YACD,OAAO,EAAE,CAAC,GAAG,EAAE,OAAO,EAAE,MAAM,EAAE,MAAM,CAAC,CAAC;QAC5C,CAAC;QACD,QAAQ,EAAR,UAAS,QAAgB;YAAhB,yBAAA,EAAA,gBAAgB;YACrB,IAAI,GAAG,GAAG,KAAK,CAAC,WAAW,CAAC,KAAK,CAAC,GAAG,EAAE,QAAQ,CAAC,CAAC;YACjD,IAAI,GAAG,GAAG,KAAK,CAAC,IAAI,CAAC;YACrB,4CAA4C;YAC5C,KAAK,IAAI,CAAC,GAAG,CAAC,EAAE,CAAC,GAAG,MAAM,CAAC,MAAM,EAAE,CAAC,EAAE,EAAE;gBACpC,IAAM,CAAC,GAAG,MAAM,CAAC,CAAC,CAAC,CAAC;gBACpB,GAAG,GAAG,KAAK,CAAC,GAAG,CAAC,GAAG,EAAE,KAAK,CAAC,GAAG,CAAC,CAAC,CAAC,MAAM,CAAC,CAAC,CAAC;aAC7C;YACD,IAAM,MAAM,GAAG,KAAK,CAAC,GAAG,CAAC,GAAG,EAAE,GAAG,CAAC,CAAC;YACnC,IAAM,GAAG,GAAe,EAAE,CAAC;YAC3B,KAAK,IAAI,CAAC,GAAG,CAAC,EAAE,CAAC,GAAG,MAAM,CAAC,MAAM,EAAE,CAAC,EAAE,EAAE;gBACpC,IAAM,CAAC,GAAG,MAAM,CAAC,CAAC,CAAC,CAAC;gBACpB,IAAI,KAAK,CAAC,EAAE,CAAC,KAAK,CAAC,GAAG,CAAC,CAAC,CAAC,MAAM,CAAC,EAAE,MAAM,CAAC,EAAE;oBACvC,GAAG,CAAC,IAAI,CAAC,CAAC,CAAC,CAAC;iBACf;aACJ;YACD,OAAO,EAAE,CAAC,GAAG,EAAE,OAAO,EAAE,MAAM,EAAE,MAAM,CAAC,CAAC;QAC5C,CAAC;QACD,SAAS,EAAT;YACI,IAAM,WAAW,GAAG,IAAI,CAAC,GAAG,CAAC,IAAI,CAAC,GAAG,EAAE,CAAC,CAAC,gBAAgB,EAAE,CAAC;YAC5D,IAAM,IAAI,GAAG,KAAK,CAAC,IAAI,CAAC,WAAW,CAAC,CAAC;YACrC,IAAI,CAAC,KAAK,CAAC,MAAM,CAAC,IAAI,CAAC,EAAE;gBACrB,OAAO,IAAI,CAAC,WAAW,CAAC,IAAI,CAAC,CAAC;aACjC;iBACI;gBACD,OAAO,IAAI,CAAC;aACf;QACL,CAAC;QACD,GAAG,EAAH;YACI,iCAAiC;YACjC,IAAM,CAAC,GAAG,YAAY,CAAC,CAAC,CAAC,CAAC;YAC1B,IAAM,IAAI,GAAG,CAAC,CAAC,GAAG,EAAE,CAAC;YACrB,IAAM,CAAC,GAAG,KAAK,CAAC,IAAI,CAAC,CAAC,CAAC,QAAQ,CAAC,IAAI,CAAC,CAAC,gBAAgB,EAAE,CAAC,CAAC;YAC1D,IAAM,CAAC,GAAG,CAAC,CAAC,WAAW,CAAC,CAAC,CAAC,CAAC;YAC3B,IAAM,IAAI,GAAG,EAAE,CAAC,CAAC,IAAA,aAAK,EAAC,CAAC,EAAE,KAAK,CAAC,GAAG,CAAC,CAAC,CAAC,EAAE,KAAK,CAAC,CAAC,EAAE,OAAO,EAAE,MAAM,EAAE,MAAM,CAAC,CAAC;YAC1E,IAAM,IAAI,GAAG,EAAE,CAAC,CAAC,IAAA,aAAK,EAAC,CAAC,EAAE,KAAK,CAAC,GAAG,CAAC,CAAC,CAAC,EAAE,KAAK,CAAC,CAAC,EAAE,OAAO,EAAE,MAAM,EAAE,MAAM,CAAC,CAAC;YAC1E,OAAO,IAAI,CAAC,OAAO,CAAC,CAAC,CAAC,OAAO,CAAC,IAAI,CAAC,CAAC,CAAC;QACzC,CAAC;QACD,YAAY,cAAA;QACZ,GAAG,EAAH,UAAI,GAAmB;YACnB,OAAO,IAAI,CAAC,GAAG,CAAC,GAAG,CAAC,GAAG,EAAE,CAAC,CAAC;QAC/B,CAAC;QACD,WAAW,EAAX,UAAY,CAAI;YACZ,IAAM,GAAG,GAAe,EAAE,CAAC;YAC3B,KAAK,IAAI,CAAC,GAAG,CAAC,EAAE,CAAC,GAAG,MAAM,CAAC,MAAM,EAAE,CAAC,EAAE,EAAE;gBACpC,IAAM,CAAC,GAAG,MAAM,CAAC,CAAC,CAAC,CAAC;gBACpB,IAAM,KAAK,GAAG,KAAK,CAAC,GAAG,CAAC,CAAC,CAAC,MAAM,EAAE,CAAC,CAAC,CAAC;gBACrC,IAAI,CAAC,KAAK,CAAC,MAAM,CAAC,KAAK,CAAC,EAAE;oBACtB,GAAG,CAAC,IAAI,CAAC,IAAA,aAAK,EAAC,CAAC,CAAC,MAAM,EAAE,KAAK,EAAE,KAAK,CAAC,CAAC,CAAC;iBAC3C;aACJ;YACD,OAAO,EAAE,CAAC,GAAG,EAAE,OAAO,EAAE,MAAM,EAAE,MAAM,CAAC,CAAC;QAC5C,CAAC;QACD,IAAI,EAAJ;YACI,IAAM,CAAC,GAAG,GAAG,CAAC,MAAM,CAAC,CAAC;YACtB,IAAM,CAAC,GAAG,EAAE,CAAC,CAAC,IAAA,aAAK,EAAC,CAAC,CAAC,IAAI,CAAC,CAAC,GAAG,CAAC,EAAE,KAAK,CAAC,GAAG,EAAE,KAAK,CAAC,CAAC,EAAE,OAAO,EAAE,MAAM,EAAE,MAAM,CAAC,CAAC;YAC/E,OAAO,IAAI,CAAC,UAAU,CAAC,CAAC,CAAC,CAAC;QAC9B,CAAC;QACD,cAAc,EAAd;YACI,IAAM,GAAG,GAAe,EAAE,CAAC;YAC3B,KAAK,IAAI,CAAC,GAAG,CAAC,EAAE,CAAC,GAAG,MAAM,CAAC,MAAM,EAAE,CAAC,EAAE,EAAE;gBACpC,IAAM,CAAC,GAAG,MAAM,CAAC,CAAC,CAAC,CAAC;gBACpB,GAAG,CAAC,IAAI,CAAC,CAAC,CAAC,cAAc,EAAE,CAAC,CAAC;aAChC;YACD,OAAO,EAAE,CAAC,GAAG,EAAE,OAAO,EAAE,MAAM,EAAE,MAAM,CAAC,CAAC;QAC5C,CAAC;QACD,GAAG,EAAH;YACI,IAAM,GAAG,GAAe,EAAE,CAAC;YAC3B,KAAK,IAAI,CAAC,GAAG,CAAC,EAAE,CAAC,GAAG,MAAM,CAAC,MAAM,EAAE,CAAC,EAAE,EAAE;gBACpC,IAAM,CAAC,GAAG,MAAM,CAAC,CAAC,CAAC,CAAC;gBACpB,GAAG,CAAC,IAAI,CAAC,CAAC,CAAC,OAAO,EAAE,CAAC,CAAC;aACzB;YACD,OAAO,EAAE,CAAC,GAAG,EAAE,OAAO,EAAE,MAAM,EAAE,MAAM,CAAC,CAAC;QAC5C,CAAC;QACD,gBAAgB,EAAhB;YACI,KAAK,IAAI,CAAC,GAAG,CAAC,EAAE,CAAC,GAAG,MAAM,CAAC,MAAM,EAAE,CAAC,EAAE,EAAE;gBACpC,IAAM,CAAC,GAAG,MAAM,CAAC,CAAC,CAAC,CAAC;gBACpB,IAAI,CAAC,CAAC,MAAM,KAAK,CAAC,EAAE;oBAChB,OAAO,CAAC,CAAC,MAAM,CAAC;iBACnB;aACJ;YACD,OAAO,KAAK,CAAC,IAAI,CAAC;QACtB,CAAC;QACD,GAAG,EAAH,UAAI,GAAmB;YACnB,OAAO,IAAI,CAAC,QAAQ,CAAC,GAAG,CAAC,CAAC;QAC9B,CAAC;QACD,IAAI,EAAJ;YACI,IAAM,GAAG,GAAe,EAAE,CAAC;YAC3B,KAAK,IAAI,CAAC,GAAG,CAAC,EAAE,CAAC,GAAG,MAAM,CAAC,MAAM,EAAE,CAAC,EAAE,EAAE;gBACpC,IAAM,CAAC,GAAG,MAAM,CAAC,CAAC,CAAC,CAAC;gBACpB,IAAI,CAAC,CAAC,MAAM,KAAK,CAAC,EAAE;oBAChB,GAAG,CAAC,IAAI,CAAC,IAAA,aAAK,EAAC,CAAC,CAAC,MAAM,EAAE,KAAK,CAAC,IAAI,CAAC,CAAC,CAAC,MAAM,CAAC,EAAE,KAAK,CAAC,CAAC,CAAC;iBAC1D;qBACI;oBACD,MAAM,IAAI,KAAK,CAAC,sDAAsD,CAAC,CAAC;iBAC3E;aACJ;YACD,OAAO,EAAE,CAAC,GAAG,EAAE,OAAO,EAAE,MAAM,EAAE,MAAM,CAAC,CAAC;QAC5C,CAAC;QACD,QAAQ,EAAR,UAAS,KAAe;YAEpB,gBAAgB,CAAC,OAAO,EAAE,KAAK,EAAE,GAAG,CAAC,MAAM,CAAC,CAAC,CAAC;YAE9C,IAAI,MAAM,CAAC,MAAM,KAAK,CAAC,EAAE;gBACrB,OAAO,GAAG,CAAC;aACd;iBACI;gBACD,IAAI,MAAM,GAAG,EAAE,CAAC;gBAChB,KAAK,IAAI,CAAC,GAAG,CAAC,EAAE,CAAC,GAAG,MAAM,CAAC,MAAM,EAAE,CAAC,EAAE,EAAE;oBACpC,IAAM,CAAC,GAAG,MAAM,CAAC,CAAC,CAAC,CAAC;oBACpB,IAAM,CAAC,GAAG,CAAC,CAAC,QAAQ,CAAC,KAAK,CAAC,CAAC;oBAC5B,IAAI,CAAC,KAAK,CAAC,EAAE;wBACT,MAAM,IAAI,CAAC,CAAC;qBACf;yBACI;wBACD,4BAA4B;wBAC5B,IAAI,CAAC,CAAC,MAAM,CAAC,CAAC,CAAC,KAAK,GAAG,EAAE;4BACrB,MAAM,IAAI,KAAK,CAAC;4BAChB,MAAM,IAAI,CAAC,CAAC,SAAS,CAAC,CAAC,CAAC,CAAC;yBAC5B;6BACI;4BACD,MAAM,IAAI,KAAK,CAAC;4BAChB,MAAM,IAAI,CAAC,CAAC;yBACf;qBACJ;iBACJ;gBACD,OAAO,MAAM,CAAC;aACjB;QACL,CAAC;QACD,QAAQ,EAAR;YACI,OAAO,IAAI,CAAC,QAAQ,CAAC,MAAM,CAAC,CAAC;QACjC,CAAC;KACJ,CAAC;IACF,OAAO,IAAI,CAAC;AAChB,CAAC;AAED;;GAEG;AACH,SAAS,gBAAgB,CAAC,IAAY,EAAE,MAAgB,EAAE,CAAS;IAC/D,IAAI,IAAA,qBAAS,EAAC,MAAM,CAAC,EAAE;QACnB,IAAI,IAAA,iBAAO,EAAC,MAAM,CAAC,EAAE;YACjB,IAAI,MAAM,CAAC,MAAM,KAAK,CAAC,EAAE;gBACrB,MAAM,IAAI,KAAK,CAAC,UAAG,IAAI,+DAA4D,CAAC,CAAC;aACxF;YACD,KAAK,IAAI,CAAC,GAAG,CAAC,EAAE,CAAC,GAAG,MAAM,CAAC,MAAM,EAAE,CAAC,EAAE,EAAE;gBACpC,IAAM,KAAK,GAAG,MAAM,CAAC,CAAC,CAAC,CAAC;gBACxB,IAAI,CAAC,IAAA,mBAAQ,EAAC,KAAK,CAAC,EAAE;oBAClB,MAAM,IAAI,KAAK,CAAC,UAAG,IAAI,cAAI,CAAC,wBAAqB,CAAC,CAAC;iBACtD;aACJ;SACJ;aACI;YACD,MAAM,IAAI,KAAK,CAAC,UAAG,IAAI,wBAAqB,CAAC,CAAC;SACjD;KACJ;AACL,CAAC;AAED,SAAgB,OAAO,CAAI,MAAqC,EAAE,KAAsB,EAAE,MAAgB;IACtG,IAAA,6BAAa,EAAC,QAAQ,EAAE,MAAM,CAAC,CAAC;IAChC,IAAM,CAAC,GAAG,GAAG,CAAC,MAAM,CAAC,CAAC;IAEtB,IAAA,6BAAa,EAAC,OAAO,EAAE,KAAK,CAAC,CAAC;IAE9B,gBAAgB,CAAC,QAAQ,EAAE,MAAM,EAAE,CAAC,CAAC,CAAC;IAEtC,IAAM,OAAO,GAAqB,EAAE,CAAC;IAErC;;OAEG;IACH,IAAM,YAAY,GAAqB,EAAE,CAAC;IAE1C,IAAM,IAAI,GAAe;QACrB,IAAI,CAAC;YACD,OAAO,OAAO,CAAC,CAAC,CAAC,CAAC;QACtB,CAAC;QACD,IAAI,KAAK;YACL,OAAO,KAAK,CAAC;QACjB,CAAC;QACD,IAAI,GAAG;YACH,OAAO,OAAO,CAAC,CAAC,CAAC,CAAC;QACtB,CAAC;QACD,IAAI,IAAI;YACJ,OAAO,OAAO,CAAC,CAAC,CAAC,CAAC;QACtB,CAAC;QACD,IAAI,EAAJ,UAAK,KAAa;YACd,IAAA,6BAAa,EAAC,OAAO,EAAE,KAAK,CAAC,CAAC;YAC9B,IAAI,KAAK,IAAI,CAAC,IAAI,KAAK,GAAG,CAAC,EAAE;gBACzB,OAAO,YAAY,CAAC,KAAK,CAAC,CAAC;aAC9B;iBACI;gBACD,MAAM,IAAI,KAAK,CAAC,wCAAiC,CAAC,GAAG,CAAC,MAAG,CAAC,CAAC;aAC9D;QACL,CAAC;QACD,IAAI,KAAK;YACL,kEAAkE;YAClE,OAAO,YAAY,CAAC,GAAG,CAAC,UAAA,CAAC,IAAI,OAAA,CAAC,EAAD,CAAC,CAAC,CAAC;QACpC,CAAC;KACJ,CAAC;IACF,OAAO,CAAC,CAAC,CAAC,GAAG,SAAS,CAAC,KAAK,CAAC,IAAI,EAAE,IAAI,EAAE,MAAM,EAAE,MAAM,CAAC,CAAC;IACzD,OAAO,CAAC,CAAC,CAAC,GAAG,SAAS,CAAC,KAAK,CAAC,GAAG,EAAE,IAAI,EAAE,MAAM,EAAE,MAAM,CAAC,CAAC;IACxD,OAAO,CAAC,CAAC,CAAC,GAAG,SAAS,CAAC,KAAK,CAAC,CAAC,EAAE,IAAI,EAAE,MAAM,EAAE,MAAM,CAAC,CAAC;IACtD,KAAK,IAAI,CAAC,GAAG,CAAC,EAAE,CAAC,GAAG,CAAC,EAAE,CAAC,EAAE,EAAE;QACxB,YAAY,CAAC,CAAC,CAAC,GAAG,cAAc,CAAC,CAAC,EAAE,IAAI,EAAE,MAAM,EAAE,MAAM,CAAC,CAAC;KAC7D;IACD,OAAO,IAAI,CAAC;AAChB,CAAC;AAjDD,0BAiDC","sourcesContent":["import { isArray } from '../checks/isArray';\nimport { isDefined } from '../checks/isDefined';\nimport { isNumber } from '../checks/isNumber';\nimport { isString } from '../checks/isString';\nimport { isUndefined } from '../checks/isUndefined';\nimport { mustBeDefined } from '../checks/mustBeDefined';\nimport { mustBeInteger } from '../checks/mustBeInteger';\nimport { mustSatisfy } from '../checks/mustSatisfy';\nimport { blade } from './Blade';\nimport { FieldAdapter } from './FieldAdapter';\nimport { gpE } from './gpE';\nimport { gpG } from './gpG';\nimport { gpL } from './gpL';\nimport { isScalar } from './isScalar';\nimport { lcoE } from './lcoE';\nimport { lcoG } from './lcoG';\nimport { lcoL } from './lcoL';\nimport { Algebra, Blade, Metric, Multivector } from './Multivector';\nimport { multivectorEQ } from './multivectorEQ';\nimport { multivectorGE } from './multivectorGE';\nimport { multivectorGT } from './multivectorGT';\nimport { multivectorLE } from './multivectorLE';\nimport { multivectorLT } from './multivectorLT';\nimport { rcoE } from './rcoE';\nimport { rcoG } from './rcoG';\nimport { rcoL } from './rcoL';\nimport { simplify } from './simplify';\n\ntype METRIC<T> = number | number[] | Metric<T>;\n\n/**\n * The JavaScript Bitwise operators use 32-bit signed numbers.\n * &  AND\n * |  OR\n * ~  NOT\n * ^  XOR\n * << Left shift (LHS is what is shifted, RHS is number of bits)\n * >> Right shift\n */\n\nfunction isMultivector<T>(arg: any): arg is Multivector<T> {\n    if (arg) {\n        return typeof arg['ex
[...]
Expr(this.inner, dirty);\n    }\n    reset(): InverseExpr {\n        return new InverseExpr(this.inner.reset(), false);\n    }\n    simplify(): Expr {\n        return new InverseExpr(this.inner.simplify());\n    }\n    toPrefix() {\n        return `inverse(${this.inner})`;\n    }\n    toString() {\n        return `!${this.inner}`;\n    }\n}\n\nexport class NegExpr extends Expr {\n    constructor(public inner: Expr, public dirty = false) {\n        super(inner.env, 'NegExpr');\n    }\n    isChanged(): boolean {\n        return this.dirty || this.inner.isChanged();\n    }\n    copy(dirty: boolean): NegExpr {\n        return new NegExpr(this.inner, dirty);\n    }\n    reset(): NegExpr {\n        return new NegExpr(this.inner.reset(), false);\n    }\n    simplify(): Expr {\n        return new NegExpr(this.inner.simplify());\n    }\n    toPrefix() {\n        return `neg(${this.inner})`;\n    }\n    toString() {\n        return `-${this.inner}`;\n    }\n}\n\nexport class PosExpr extends Expr {\n    constructor(public inner: Expr, public dirty = false) {\n        super(inner.env, 'PosExpr');\n    }\n    isChanged(): boolean {\n        return this.dirty || this.inner.isChanged();\n    }\n    copy(dirty: boolean): PosExpr {\n        return new PosExpr(this.inner, dirty);\n    }\n    reset(): PosExpr {\n        return new PosExpr(this.inner.reset(), false);\n    }\n    simplify(): Expr {\n        return new PosExpr(this.inner.simplify());\n    }\n    toPrefix() {\n        return `pos(${this.inner})`;\n    }\n    toString() {\n        return `+${this.inner}`;\n    }\n}\n\nexport class Algebra implements Env {\n    public basis: BasisBladeExpr[] = [];\n    // private index: { [name: string]: number } = {};\n    private _metric: number[][];\n    private _bnames: string[] = [];\n    constructor(g: number[][], _unused?: string[]) {\n        this._metric = g;\n        // TODO: Verify that the vectors is an array of strings.\n        // TODO: Verify that the metric is a square array of numbers with the correct size.\n        // Insert the basis blade corresponding to unity.\n        // This primes the basis array for the steps that follow.\n        this.basis.push(new BasisBladeExpr(this, []));\n        this._bnames[0] = '1';\n        // Insert the basis blades corresponding to the basis vectors.\n        // The algorithm is to extend the existing blades by the new vector.\n        for (let i = 0; i < this._metric.length; i++) {\n            // const name = vectors[i];\n            const vector = new BasisBladeExpr(this, [i]);\n            // const index = Math.pow(2, i);\n            // this.index[name] = index;\n            const bLength = this.basis.length;\n            for (let j = 0; j < bLength; j++) {\n                const existing = this.basis[j];\n                const extended = new WedgeExpr(existing, vector);\n                const blade = this.simplify(extended);\n                if (blade instanceof BasisBladeExpr) {\n                    this.basis.push(blade);\n                }\n                else {\n                    throw new Error(`${extended} must simplify to a BasisBladeExpr`);\n                }\n            }\n        }\n    }\n    bladeName(vectors: number[]): string {\n        if (vectors.length > 0) {\n            return vectors.map((i) => {\n                if (this._bnames) {\n                    const basisIndex = Math.pow(2, i);\n                    if (this._bnames[basisIndex]) {\n                        return this._bnames[basisIndex];\n                    }\n                }\n                return `e${i + 1}`;\n            }).join(' ^ ');\n        }\n        else {\n            // The scalar blade name has no vectors.\n            return this._bnames[0];\n        }\n    }\n    g(u: BasisBladeExpr, v: BasisBladeExpr): ScalarExpr {\n        const i = u.vectors[0];\n        const j = v.vectors[0];\n        return new ScalarExpr(this, this._metric[i][j]);\n    }\n    scalar(value: number | string): Expr {\n        return new ScalarExpr(this, value);\n    }\n    simplify(expr: Expr): Expr {\n        let count = 0;\n        if (expr instanceof Expr) {\n            expr = expr.reset();\n            expr = expr.simplify();\n            while (expr.isChanged()) {\n                expr = expr.reset();\n                count++;\n                if (count < 100) {\n                    expr = expr.simplify();\n                }\n            }\n            return expr;\n        }\n        else {\n            throw new Error(\"expr must be an Expr\");\n        }\n    }\n}\n"]},"_coverageSchema":"1a1c01bbd47fc00a2c39e90264f33305004495a9","hash":"cd291ddd70ad83efa323d6e8dc780102972ec35c"},"/home/david/Development/geocas/src/mother/orthoFramesToVersor.ts":{"path":"/home/david/Development/geocas/src/mother/orthoFramesToVersor.ts","statementMap":{"0":{"start":{"line":2,"column":0},"end":{"line":2,"column":62}},"1":{"start":{"line":3,"column":0},"end":{"line":3,"column":37}},"2":{"start":{"line":4,"column":35},"end":{"line":4,"column":74}},"3":{"start":{"line":16,"column":4},"end":{"line":37,"column":5}},"4":{"start":{"line":17,"column":16},"end":{"line":17,"column":40}},"5":{"start":{"line":18,"column":16},"end":{"line":18,"column":20}},"6":{"start":{"line":19,"column":16},"end":{"line":19,"column":20}},"7":{"start":{"line":20,"column":18},"end":{"line":20,"column":26}},"8":{"start":{"line":21,"column":20},"end":{"line":21,"column":33}},"9":{"start":{"line":22,"column":18},"end":{"line":22,"column":52}},"10":{"start":{"line":23,"column":26},"end":{"line":23,"column":128}},"11":{"start":{"line":24,"column":23},"end":{"line":24,"column":60}},"12":{"start":{"line":25,"column":8},"end":{"line":33,"column":9}},"13":{"start":{"line":26,"column":12},"end":{"line":26,"column":84}},"14":{"start":{"line":29,"column":23},"end":{"line":29,"column":54}},"15":{"start":{"line":30,"column":22},"end":{"line":30,"column":76}},"16":{"start":{"line":32,"column":12},"end":{"line":32,"column":159}},"17":{"start":{"line":32,"column":73},"end":{"line":32,"column":124}},"18":{"start":{"line":36,"column":8},"end":{"line":36,"column":18}},"19":{"start":{"line":39,"column":0},"end":{"line":39,"column":50}},"20":{"start":{"line":41,"column":17},"end":{"line":41,"column":19}},"21":{"start":{"line":42,"column":4},"end":{"line":42,"column":19}},"22":{"start":{"line":43,"column":4},"end":{"line":45,"column":5}},"23":{"start":{"line":43,"column":17},"end":{"line":43,"column":18}},"24":{"start":{"line":44,"column":8},"end":{"line":44,"column":27}},"25":{"start":{"line":46,"column":4},"end":{"line":46,"column":18}},"26":{"start":{"line":52,"column":17},"end":{"line":52,"column":19}},"27":{"start":{"line":53,"column":4},"end":{"line":57,"column":5}},"28":{"start":{"line":53,"column":17},"end":{"line":53,"column":18}},"29":{"start":{"line":54,"column":8},"end":{"line":56,"column":9}},"30":{"start":{"line":55,"column":12},"end":{"line":55,"column":31}},"31":{"start":{"line":58,"column":4},"end":{"line":58,"column":18}},"32":{"start":{"line":64,"column":12},"end":{"line":64,"column":20}},"33":{"start":{"line":65,"column":14},"end":{"line":65,"column":26}},"34":{"start":{"line":66,"column":14},"end":{"line":66,"column":15}},"35":{"start":{"line":67,"column":4},"end":{"line":73,"column":5}},"36":{"start":{"line":67,"column":17},"end":{"line":67,"column":18}},"37":{"start":{"line":68,"column":16},"end":{"line":68,"column":30}},"38":{"start":{"line":69,"column":26},"end":{"line":69,"column":59}},"39":{"start":{"line":70,"column":8},"end":{"line":72,"column":9}},"40":{"start":{"line":71,"column":12},"end":{"line":71,"column":20}},"41":{"start":{"line":74,"column":4},"end":{"line":74,"column":15}}},"fnMap":{"0":{"name":"orthoFramesToVersor","decl":{"start":{"line":15,"column":9},"end":{"line":15,"column":28}},"loc":{"start":{"line":15,"column":48},"end":{"line":38,"column":1}},"line":15},"1":{"name":"(anonymous_1)","decl":{"start":{"line":32,"column":58},"end":{"line":32,"column":59}},"loc":{"start":{"line":32,"column":71},"end":{"line":32,"column":126}},"line":32},"2":{"name":"prepend","decl":{"start":{"line":40,"column":9},"end":{"line":40,"column":16}},"loc":{"start":{"line":40,"column":24},"end":{"line":47,"column":1}},"line":40},"3":{"name":"removeAt","decl":{"start":{"line":51,"column":9},"end":{"line":51,"column":17}},"loc":{"start":{"line":51,"column":29},"end":{"line":59,"column":1}},"line":51},"4":{"name":"bestIndex","decl":{"start":{"line":63,"column":9},"end":{"line":63,"column":18}},"loc":{"start":{"line":63,"column":34},"end":{"line":75,"column":1}},"line":63}},"branchMap":{"0":{"loc":{"start":{"line":16,"column":4},"end":{"line":37,"column":5}},"type":"if","locations":[{"start":{"line":16,"column":4},"end":{"line":37,"column":5}},{"start":{"line":16,"column":4},"end":{"line":37,"column":5}}],"line":16},"1":{"loc":{"start":{"line":25,"column":8},"end":{"line":33,"column":9}},"type":"if","locations":[{"start":{"line":25,"column":8},"end":{"line":33,"column":9}},{"start":{"line":25,"column":8},"end":{"line":33,"column":9}}],"line":25},"2":{"loc":{"start":{"line":54,"column":8},"end":{"line":56,"column":9}},"type":"if","locations":[{"start":{"line":54,"column":8},"end":{"line":56,"column":9}},{"start":{"line":54,"column":8},"end":{"line":56,"column":9}}],"line":54},"3":{"loc":{"start":{"line":70,"column":8},"end":{"line":72,"column":9}},"type":"if","locations":[{"start":{"line":70,"column":8},"end":{"line":72,"column":9}},{"start":{"line":70,"column":8},"end":{"line":72,"column":9}}],"line":70}},"s":{"0":1,"1":1,"2":1,"3":8,"4":6,"5":6,"6":6,"7":6,"8":6,"9":6,"10":6,"11":6,"12":6,"13":2,"14":4,"15":4,"16":4,"17":7,"18":2,"19":1,"20":4,"21":4,"22":4,"23":4,"24":3,"25":4,"26":12,"27":12,"28":12,"29":26,"30":14,"31":12,"32":6,"33":6,"34":6,"35":6,"36":6,"37":13,"38":13,"39":13,"40":9,"41":6},"f":{"0":8,"1":7,"2":4,"3":12,"4":6},"b":{"0":[6,2],"1":[2,4],"2":[14,12],"3":[9,4]},"inputSourceMap":{"version":3,"file":"/home/david/Development/geocas/src/mother/orthoFramesToVersor.ts","sources":["/home/david/Development/geocas/src/mother/orthoFramesToVersor.ts"],"names":[],"mappings":";;;AAAA,2EAAiF;AAGjF;;;;;;;;;GASG;AACH,SAAgB,mBAAmB,CAAI,CAAmB,EAAE,CAAmB,EAAE,EAAoB,EAAE,OAAmB;IACtH,IAAI,CAAC,CAAC,MAAM,GAAG,CAAC,EAAE;QACd,IAAM,CAAC,GAAG,SAAS,CAAC,CAAC,EAAE,CAAC,EAAE,OAAO,CAAC,CAAC;QACnC,IAAM,CAAC,GAAG,CAAC,CAAC,CAAC,CAAC,CAAC;QACf,IAAM,CAAC,GAAG,CAAC,CAAC,CAAC,CAAC,CAAC;QACf,IAAM,GAAC,GAAG,CAAC,CAAC,GAAG,CAAC,CAAC,CAAC,CAAC;QACnB,IAAM,KAAK,GAAG,OAAO,CAAC,KAAK,CAAC;QAC5B,IAAM,GAAG,GAAG,KAAK,CAAC,WAAW,CAAC,KAAK,CAAC,GAAG,EAAE,IAAI,CAAC,CAAC;QAE/C,IAAM,WAAW,GAAG,IAAA,uDAAG,EAAC,CAAC,EAAE,CAAC,CAAC,CAAC,GAAG,CAAC,OAAO,CAAC,GAAG,CAAC,CAAC,gBAAgB,EAAE,CAAC;QAClE,IAAM,QAAQ,GAAG,KAAK,CAAC,EAAE,CAAC,KAAK,CAAC,GAAG,CAAC,WAAW,CAAC,EAAE,GAAG,CAAC,CAAC;QACvD,IAAI,QAAQ,EAAE;YACV,OAAO,mBAAmB,CAAC,QAAQ,CAAC,CAAC,EAAE,CAAC,CAAC,EAAE,QAAQ,CAAC,CAAC,EAAE,CAAC,CAAC,EAAE,EAAE,EAAE,OAAO,CAAC,CAAC;SAC3E;aACI;YACD,IAAM,IAAE,GAAG,GAAC,CAAC,GAAG,CAAC,GAAC,CAAC,CAAC,gBAAgB,EAAE,CAAC;YACvC,IAAM,GAAG,GAAG,OAAO,CAAC,EAAE,EAAE,GAAC,CAAC,WAAW,CAAC,OAAO,CAAC,KAAK,CAAC,IAAI,CAAC,IAAE,CAAC,CAAC,CAAC,CAAC;YAC/D,qEAAqE;YACrE,OAAO,mBAAmB,CAAC,QAAQ,CAAC,CAAC,EAAE,CAAC,CAAC,CAAC,GAAG,CAAC,UAAA,CAAC,IAAI,OAAA,GAAC,CAAC,GAAG,CAAC,CAAC,CAAC,GAAG,CAAC,GAAC,CAAC,CAAC,CAAC,GAAG,EAAE,CAAC,WAAW,CAAC,IAAE,CAAC,EAArC,CAAqC,CAAC,EAAE,QAAQ,CAAC,CAAC,EAAE,CAAC,CAAC,EAAE,GAAG,EAAE,OAAO,CAAC,CAAC;SAC5H;KACJ;SACI;QACD,OAAO,EAAE,CAAC;KACb;AACL,CAAC;AAxBD,kDAwBC;AAED,SAAS,OAAO,CAAI,EAAO,EAAE,CAAI;IAC7B,IAAM,MAAM,GAAQ,EAAE,CAAC;IACvB,MAAM,CAAC,IAAI,CAAC,CAAC,CAAC,CAAC;IACf,KAAK,IAAI,CAAC,GAAG,CAAC,EAAE,CAAC,GAAG,EAAE,CAAC,MAAM,EAAE,CAAC,EAAE,EAAE;QAChC,MAAM,CAAC,IAAI,CAAC,EAAE,CAAC,CAAC,CAAC,CAAC,CAAC;KACtB;IACD,OAAO,MAAM,CAAC;AAClB,CAAC;AAED;;GAEG;AACH,SAAS,QAAQ,CAAI,EAAO,EAAE,KAAa;IACvC,IAAM,MAAM,GAAQ,EAAE,CAAC;IACvB,KAAK,IAAI,CAAC,GAAG,CAAC,EAAE,CAAC,GAAG,EAAE,CAAC,MAAM,EAAE,CAAC,EAAE,EAAE;QAChC,IAAI,CAAC,KAAK,KAAK,EAAE;YACb,MAAM,CAAC,IAAI,CAAC,EAAE,CAAC,CAAC,CAAC,CAAC,CAAC;SACtB;KACJ;IACD,OAAO,MAAM,CAAC;AAClB,CAAC;AAED;;GAEG;AACH,SAAS,SAAS,CAAI,CAAmB,EAAE,CAAmB,EAAE,OAAmB;IAC/E,IAAM,CAAC,GAAG,CAAC,CAAC,MAAM,CAAC;IACnB,IAAI,GAAG,GAAG,OAAO,CAAC,IAAI,CAAC;IACvB,IAAI,GAAG,GAAG,CAAC,CAAC;IACZ,KAAK,IAAI,CAAC,GAAG,CAAC,EAAE,CAAC,GAAG,CAAC,EAAE,CAAC,EAAE,EAAE;QACxB,IAAM,CAAC,GAAG,CAAC,CAAC,CAAC,CAAC,CAAC,GAAG,CAAC,CAAC,CAAC,CAAC,CAAC,CAAC,CAAC;QACzB,IAAM,WAAW,GAAG,CAAC,CAAC,GAAG,CAAC,CAAC,CAAC,GAAG,EAAE,CAAC,CAAC,gBAAgB,EAAE,CAAC;QACtD,IAAI,OAAO,CAAC,KAAK,CAAC,EAAE,CAAC,WAAW,EAAE,GAAG,CAAC,gBAAgB,EAAE,CAAC,EAAE;YACvD,GAAG,GAAG,CAAC,CAAC;SACX;KACJ;IACD,OAAO,GAAG,CAAC;AACf,CAAC","sourcesContent":["import { cosineOfAngleBetweenBlades as cos } from './cosineOfAngleBetweenBlades';\nimport { Algebra, Multivector } from './Multivector';\n\n/**\n * Determines a versor for two frames related by an orthogonal transform.\n *\n * A and B are lists of corresponding vectors, representing the frames.\n * A is the start frame, B is the final frame.\n * V should be initialized to 1 in whatever multivector/field flavor you are using.\n *\n * This is an application of the Cartan-Dieudonne theorem that states:\n * In n-D, any orthogonal transformation can be represented as at most n planar reflections.\n */\nexport function orthoFramesToVersor<T>(A: Multivector<T>[], B: Multivector<T>[], vs: Multivector<T>[], algebra: Algebra<T>): Multivector<T>[] {\n    if (A.length > 0) {\n        const j = bestIndex(A, B, algebra);\n        const a = A[j];\n        const b = B[j];\n        const e = a.sub(b);\n        const field = algebra.field;\n        const eps = field.mulByNumber(field.one, 1e-6);\n\n        const cosMinusOne = cos(a, b).sub(algebra.one).scalarCoordinate();\n        const tooClose = field.lt(field.abs(cosMinusOne), eps);\n        if (tooClose) {\n            return orthoFramesToVersor(removeAt(A, j), removeAt(B, j), vs, algebra);\n        }\n        else {\n            const e2 = e.scp(e).scalarCoordinate();\n            const rvs = prepend(vs, e.divByScalar(algebra.field.sqrt(e2)));\n            // Don't let irrational number rounding errors from sqrt propagate...\n            return orthoFramesToVersor(removeAt(A, j).map(x => e.mul(x.mul(e)).neg().divByScalar(e2)), removeAt(B, j), rvs, algebra);\n        }\n    }\n    else {\n        return vs;\n    }\n}\n\nfunction prepend<T>(xs: T[], x: T): T[] {\n    const result: T[] = [];\n    result.push(x);\n    for (let i = 0; i < xs.length; i++) {\n        result.push(xs[i]);\n    }\n    return result;\n}\n\n/**\n * Returns a copy of the array with the element at index removed.\n */\nfunction removeAt<T>(xs: T[], index: number): T[] {\n    const result: T[] = [];\n    for (let i = 0; i < xs.length; i++) {\n        if (i !== index) {\n            result.push(xs[i]);\n        }\n    }\n    return result;\n}\n\n/**\n * Determine the best vector for numerical stability.\n */\nfunction bestIndex<T>(A: Multivector<T>[], B: Multivector<T>[], algebra: Algebra<T>): number {\n    const N = A.length;\n    let max = algebra.zero;\n    let idx = 0;\n    for (let k = 0; k < N; k++) {\n        const x = A[k].sub(B[k]);\n        const squaredNorm = x.scp(x.rev()).scalarCoordinate();\n        if (algebra.field.gt(squaredNorm, max.scalarCoordinate())) {\n            idx = k;\n        }\n    }\n    return idx;\n}\n"]},"_coverageSchema":"1a1c01bbd47fc00a2c39e90264f33305004495a9","hash":"c0a71bda128cc2e3b22a785e89fa236874622e51"},"/home/david/Development/geocas/src/mother/cosineOfAngleBetweenBlades.ts":{"path":"/home/david/Development/geocas/src/mother/cosineOfAngleBetweenBlades.ts","statementMap":{"0":{"start":{"line":2,"column":0},"end":{"line":2,"column":62}},"1":{"start":{"line":3,"column":0},"end":{"line":3,"column":44}},"2":{"start":{"line":4,"column":13},"end":{"line":4,"column":30}},"3":{"start":{"line":9,"column":12},"end":{"line":9,"column":50}},"4":{"start":{"line":10,"column":12},"end":{"line":10,"column":50}},"5":{"start":{"line":11,"column":4},"end":{"line":11,"column":56}},"6":{"start":{"line":13,"column":0},"end":{"line":13,"column":64}}},"fnMap":{"0":{"name":"cosineOfAngleBetweenBlades","decl":{"start":{"line":8,"column":9},"end":{"line":8,"column":35}},"loc":{"start":{"line":8,"column":42},"end":{"line":12,"column":1}},"line":8}},"branchMap":{},"s":{"0":1,"1":1,"2":1,"3":6,"4":6,"5":6,"6":1},"f":{"0":6},"b":{},"inputSourceMap":{"version":3,"file":"/home/david/Development/geocas/src/mother/cosineOfAngleBetweenBlades.ts","sources":["/home/david/Development/geocas/src/mother/cosineOfAngleBetweenBlades.ts"],"names":[],"mappings":";;;AACA,+BAA8B;AAE9B;;GAEG;AACH,SAAgB,0BAA0B,CAAI,CAAiB,EAAE,CAAiB;IAC9E,IAAM,CAAC,GAAG,IAAA,WAAI,EAAC,CAAC,CAAC,CAAC,gBAAgB,EAAE,CAAC;IACrC,IAAM,CAAC,GAAG,IAAA,WAAI,EAAC,CAAC,CAAC,CAAC,gBAAgB,EAAE,CAAC;IACrC,OAAO,CAAC,CAAC,GAAG,CAAC,CAAC,CAAC,GAAG,EAAE,CAAC,CAAC,WAAW,CAAC,CAAC,CAAC,CAAC,WAAW,CAAC,CAAC,CAAC,CAAC;AACxD,CAAC;AAJD,gEAIC","sourcesContent":["import { Multivector } from './Multivector';\nimport { norm } from './norm';\n\n/**\n * The cosine of the angle between two blades.\n */\nexport function cosineOfAngleBetweenBlades<T>(A: Multivector<T>, B: Multivector<T>): Multivector<T> {\n    const a = norm(A).scalarCoordinate();\n    const b = norm(B).scalarCoordinate();\n    return A.scp(B.rev()).divByScalar(a).divByScalar(b);\n}\n"]},"_coverageSchema":"1a1c01bbd47fc00a2c39e90264f33305004495a9","hash":"3ba50c83828e61e22fa45f5f62ef00dce87fcb12"},"/home/david/Development/geocas/src/mother/norm.ts":{"path":"/home/david/Development/geocas/src/mother/norm.ts","statementMap":{"0":{"start":{"line":2,"column":0},"end":{"line":2,"column":62}},"1":{"start":{"line":3,"column":0},"end":{"line":3,"column":22}},"2":{"start":{"line":4,"column":20},"end":{"line":4,"column":44}},"3":{"start":{"line":6,"column":4},"end":{"line":6,"column":52}},"4":{"start":{"line":8,"column":0},"end":{"line":8,"column":20}}},"fnMap":{"0":{"name":"norm","decl":{"start":{"line":5,"column":9},"end":{"line":5,"column":13}},"loc":{"start":{"line":5,"column":17},"end":{"line":7,"column":1}},"line":5}},"branchMap":{},"s":{"0":1,"1":1,"2":1,"3":12,"4":1},"f":{"0":12},"b":{},"inputSourceMap":{"version":3,"file":"/home/david/Development/geocas/src/mother/norm.ts","sources":["/home/david/Development/geocas/src/mother/norm.ts"],"names":[],"mappings":";;;AACA,6CAA4C;AAE5C,SAAgB,IAAI,CAAI,CAAiB;IACrC,OAAO,IAAA,yBAAW,EAAC,CAAC,CAAC,CAAC,IAAI,EAAE,CAAC;AACjC,CAAC;AAFD,oBAEC","sourcesContent":["import { Multivector } from './Multivector';\nimport { squaredNorm } from './squaredNorm';\n\nexport function norm<T>(A: Multivector<T>): Multivector<T> {\n    return squaredNorm(A).sqrt();\n}\n"]},"_coverageSchema":"1a1c01bbd47fc00a2c39e90264f33305004495a9","hash":"75267b66704c70c11cb95677492c9ee95bb200e1"},"/home/david/Development/geocas/src/mother/squaredNorm.ts":{"path":"/home/david/Development/geocas/src/mother/squaredNorm.ts","statementMap":{"0":{"start":{"line":2,"column":0},"end":{"line":2,"column":62}},"1":{"start":{"line":3,"column":0},"end":{"line":3,"column":29}},"2":{"start":{"line":5,"column":4},"end":{"line":5,"column":26}},"3":{"start":{"line":7,"column":0},"end":{"line":7,"column":34}}},"fnMap":{"0":{"name":"squaredNorm","decl":{"start":{"line":4,"column":9},"end":{"line":4,"column":20}},"loc":{"start":{"line":4,"column":24},"end":{"line":6,"column":1}},"line":4}},"branchMap":{},"s":{"0":1,"1":1,"2":12,"3":1},"f":{"0":12},"b":{},"inputSourceMap":{"version":3,"file":"/home/david/Development/geocas/src/mother/squaredNorm.ts","sources":["/home/david/Development/geocas/src/mother/squaredNorm.ts"],"names":[],"mappings":";;;AAEA,SAAgB,WAAW,CAAI,CAAiB;IAC5C,OAAO,CAAC,CAAC,GAAG,CAAC,CAAC,CAAC,GAAG,EAAE,CAAC,CAAC;AAC1B,CAAC;AAFD,kCAEC","sourcesContent":["import { Multivector } from './Multivector';\n\nexport function squaredNorm<T>(A: Multivector<T>): Multivector<T> {\n    return A.scp(A.rev());\n}\n"]},"_coverageSchema":"1a1c01bbd47fc00a2c39e90264f33305004495a9","hash":"ee268c7704589055ece34f58ec9cfec369f745be"}}